[03:28:57] [Paper Plugin Remapper Thread - 2/INFO]: [PluginRemapper] Remapping plugin 'plugins/veinminer-bukkit-2.2.4.jar'...
[03:28:57] [Paper Plugin Remapper Thread - 3/INFO]: [PluginRemapper] Remapping plugin 'plugins/GSit-1.9.5.jar'...
[03:28:59] [Paper Plugin Remapper Thread - 2/INFO]: [PluginRemapper] Done remapping plugin 'plugins/veinminer-bukkit-2.2.4.jar' in 1820ms.
[03:29:00] [Paper Plugin Remapper Thread - 3/INFO]: [PluginRemapper] Done remapping plugin 'plugins/GSit-1.9.5.jar' in 2251ms.
[03:29:06] [ServerMain/INFO]: Environment: Environment[sessionHost=https://sessionserver.mojang.com, servicesHost=https://api.minecraftservices.com, name=PROD]
[03:29:07] [ServerMain/INFO]: Loaded 1290 recipes
[03:29:07] [ServerMain/INFO]: Loaded 1399 advancements
[03:29:08] [Server thread/INFO]: Starting minecraft server version 1.21
[03:29:08] [Server thread/INFO]: Loading properties
[03:29:08] [Server thread/INFO]: This server is running Purpur version 1.21-2252-ver/1.21@d5c06b4 (2024-07-01T07:22:05Z) (Implementing API version 1.21-R0.1-SNAPSHOT)
[03:29:08] [Server thread/INFO]: Server Ping Player Sample Count: 12
[03:29:08] [Server thread/INFO]: Using 4 threads for Netty based IO
[03:29:09] [Server thread/INFO]: [ChunkTaskScheduler] Chunk system is using 1 I/O threads, 1 worker threads, and population gen parallelism of 1 threads
[03:29:10] [Server thread/INFO]: Default game type: SURVIVAL
[03:29:10] [Server thread/INFO]: Generating keypair
[03:29:10] [Server thread/INFO]: Starting Minecraft server on *:25565
[03:29:10] [Server thread/INFO]: Using epoll channel type
[03:29:10] [Server thread/INFO]: Paper: Using libdeflate (Linux x86_64) compression from Velocity.
[03:29:10] [Server thread/INFO]: Paper: Using OpenSSL 1.1.x (Linux x86_64) cipher from Velocity.
[03:29:11] [Server thread/INFO]: [ViaVersion] Loading server plugin ViaVersion v5.0.2-SNAPSHOT
[03:29:11] [Server thread/INFO]: [ViaVersion] ViaVersion 5.0.2-SNAPSHOT is now loaded. Registering protocol transformers and injecting...
[03:29:12] [Via-Mappingloader-0/INFO]: [ViaVersion] Loading block connection mappings ...
[03:29:12] [Via-Mappingloader-0/INFO]: [ViaVersion] Using FastUtil Long2ObjectOpenHashMap for block connections
[03:29:13] [Server thread/INFO]: [ViaBackwards] Loading translations...
[03:29:13] [Server thread/INFO]: [ViaBackwards] Registering protocols...
[03:29:14] [Server thread/INFO]: [ViaRewind] Registering protocols...
[03:29:14] [Server thread/INFO]: [ViaBackwards] Loading server plugin ViaBackwards v5.0.2-SNAPSHOT
[03:29:14] [Server thread/INFO]: [LuckPerms] Loading server plugin LuckPerms v5.4.134
[03:29:14] [Server thread/INFO]: [spark] Loading server plugin spark v1.10.73
[03:29:14] [Server thread/INFO]: [SimpleTpa] Loading server plugin SimpleTpa v7.1
[03:29:14] [Server thread/INFO]: [playit-gg] Loading server plugin playit-gg v0.1.4
[03:29:14] [Server thread/INFO]: [GSit] Loading server plugin GSit v1.9.5
[03:29:15] [Server thread/INFO]: [ViaRewind] Loading server plugin ViaRewind v4.0.2-SNAPSHOT
[03:29:15] [Server thread/INFO]: [BetterTeams] Loading server plugin BetterTeams v4.9.4
[03:29:15] [Server thread/INFO]: [BetterTeams] Checking if the file config.yml is up to date
[03:29:15] [Server thread/INFO]: [BetterTeams] File is up to date
[03:29:15] [Server thread/INFO]: [Back] Loading server plugin Back v1.5
[03:29:15] [Server thread/INFO]: [SetHome] Loading server plugin SetHome v6.2.3
[03:29:15] [Server thread/INFO]: [TabTPS] Loading server plugin TabTPS v1.3.24
[03:29:15] [Server thread/INFO]: [squaremap] Loading server plugin squaremap v1.2.5
[03:29:15] [Server thread/INFO]: [VeinMiner] Loading server plugin VeinMiner v2.2.4
[03:29:15] [Server thread/INFO]: [LibreLogin] Loading server plugin LibreLogin v0.22.0
[03:29:15] [Server thread/INFO]: [LibreLogin] Analyzing server setup...
[03:29:15] [Server thread/INFO]: [LibreLogin] Detected Adventure-compatible server distribution - Purpur 1.21-2252-d5c06b4 (MC: 1.21)
[03:29:15] [Server thread/INFO]: [LibreLogin] Loading libraries...
[03:29:15] [Server thread/WARN]: [LibreLogin] [packetevents] We currently do not support the minecraft version 1.21, so things might break. PacketEvents will behave as if the minecraft version were 1.20.6!
[03:29:15] [Server thread/WARN]: java.lang.NoSuchMethodException: net.minecraft.resources.ResourceLocation.<init>(java.lang.String,java.lang.String)
[03:29:15] [Server thread/WARN]: 	at java.base/java.lang.Class.getConstructor0(Class.java:3761)
[03:29:15] [Server thread/WARN]: 	at java.base/java.lang.Class.getConstructor(Class.java:2442)
[03:29:15] [Server thread/WARN]: 	at xyz.kyngs.librelogin.lib.packetevents.platform.util.SpigotReflectionUtil.initConstructors(SpigotReflectionUtil.java:145)
[03:29:15] [Server thread/WARN]: 	at xyz.kyngs.librelogin.lib.packetevents.platform.util.SpigotReflectionUtil.init(SpigotReflectionUtil.java:360)
[03:29:15] [Server thread/WARN]: 	at xyz.kyngs.librelogin.lib.packetevents.platform.factory.spigot.SpigotPacketEventsBuilder$1.load(SpigotPacketEventsBuilder.java:103)
[03:29:15] [Server thread/WARN]: 	at LibreLogin.jar//xyz.kyngs.librelogin.paper.PaperLibreLogin.<init>(PaperLibreLogin.java:53)
[03:29:15] [Server thread/WARN]: 	at LibreLogin.jar//xyz.kyngs.librelogin.paper.PaperBootstrap.onLoad(PaperBootstrap.java:65)
[03:29:15] [Server thread/WARN]: 	at io.papermc.paper.plugin.storage.ServerPluginProviderStorage.processProvided(ServerPluginProviderStorage.java:59)
[03:29:15] [Server thread/WARN]: 	at io.papermc.paper.plugin.storage.ServerPluginProviderStorage.processProvided(ServerPluginProviderStorage.java:18)
[03:29:15] [Server thread/WARN]: 	at io.papermc.paper.plugin.storage.SimpleProviderStorage.enter(SimpleProviderStorage.java:39)
[03:29:15] [Server thread/WARN]: 	at io.papermc.paper.plugin.entrypoint.LaunchEntryPointHandler.enter(LaunchEntryPointHandler.java:40)
[03:29:15] [Server thread/WARN]: 	at org.bukkit.craftbukkit.CraftServer.loadPlugins(CraftServer.java:549)
[03:29:15] [Server thread/WARN]: 	at net.minecraft.server.dedicated.DedicatedServer.initServer(DedicatedServer.java:324)
[03:29:15] [Server thread/WARN]: 	at net.minecraft.server.MinecraftServer.runServer(MinecraftServer.java:1171)
[03:29:15] [Server thread/WARN]: 	at net.minecraft.server.MinecraftServer.lambda$spin$0(MinecraftServer.java:332)
[03:29:15] [Server thread/WARN]: 	at java.base/java.lang.Thread.run(Thread.java:1583)
[03:29:17] [Server thread/INFO]: Server permissions file permissions.yml is empty, ignoring it
[03:29:17] [Server thread/INFO]: [LuckPerms] Enabling LuckPerms v5.4.134
[03:29:17] [Server thread/INFO]:         __    
[03:29:17] [Server thread/INFO]:   |    |__)   LuckPerms v5.4.134
[03:29:17] [Server thread/INFO]:   |___ |      Running on Bukkit - Purpur
[03:29:17] [Server thread/INFO]: 
[03:29:17] [Server thread/INFO]: [LuckPerms] Loading configuration...
[03:29:18] [Server thread/INFO]: [LuckPerms] Loading storage provider... [H2]
[03:29:18] [Server thread/INFO]: [LuckPerms] Loading internal permission managers...
[03:29:18] [Server thread/INFO]: [LuckPerms] Performing initial data load...
[03:29:18] [Server thread/INFO]: [LuckPerms] Successfully enabled. (took 1489ms)
[03:29:18] [Server thread/INFO]: [ViaRewind] Enabling ViaRewind v4.0.2-SNAPSHOT
[03:29:18] [Server thread/INFO]: [squaremap] Enabling squaremap v1.2.5
[03:29:21] [Server thread/INFO]: [io.undertow] starting server: Undertow - 2.3.14.Final
[03:29:21] [Server thread/INFO]: [org.xnio] XNIO version 3.8.16.Final
[03:29:21] [Server thread/INFO]: [org.xnio.nio] XNIO NIO Implementation Version 3.8.16.Final
[03:29:21] [Server thread/INFO]: [org.jboss.threads] JBoss Threads version 3.5.0.Final
[03:29:21] [Server thread/INFO]: [squaremap] Internal webserver running on 0.0.0.0:8080
[03:29:21] [Server thread/WARN]: **** SERVER IS RUNNING IN OFFLINE/INSECURE MODE!
[03:29:21] [Server thread/WARN]: The server will make no attempt to authenticate usernames. Beware.
[03:29:21] [Server thread/WARN]: While this makes the game possible to play without internet access, it also opens up the ability for hackers to connect with any username they choose.
[03:29:21] [Server thread/WARN]: To change this, set "online-mode" to "true" in the server.properties file.
[03:29:21] [Server thread/INFO]: Preparing level "world"
[03:29:22] [Server thread/INFO]: Preparing start region for dimension minecraft:overworld
[03:29:23] [Server thread/INFO]: Time elapsed: 1093 ms
[03:29:23] [Server thread/INFO]: Preparing start region for dimension minecraft:the_nether
[03:29:24] [Server thread/INFO]: Time elapsed: 256 ms
[03:29:24] [Server thread/INFO]: Preparing start region for dimension minecraft:the_end
[03:29:24] [Server thread/INFO]: Time elapsed: 127 ms
[03:29:24] [Server thread/INFO]: [ViaVersion] Enabling ViaVersion v5.0.2-SNAPSHOT
[03:29:24] [Server thread/INFO]: [ViaVersion] ViaVersion detected server version: 1.21 (767)
[03:29:24] [Server thread/INFO]: [ViaBackwards] Enabling ViaBackwards v5.0.2-SNAPSHOT
[03:29:24] [Server thread/INFO]: [spark] Enabling spark v1.10.73
[03:29:24] [Server thread/INFO]: [spark] Using Paper ServerTickStartEvent for tick monitoring
[03:29:24] [Server thread/INFO]: [spark] Starting background profiler...
[03:29:25] [Server thread/INFO]: [SimpleTpa] Enabling SimpleTpa v7.1
[03:29:25] [Server thread/INFO]: [SimpleTpa] If you need support contact me at https://discord.gg/SZUkza9
[03:29:25] [Server thread/INFO]: [SimpleTpa] Simple Tpa has been enabled on version 7.1
[03:29:25] [Server thread/INFO]: Enabled metrics. You may opt-out by changing plugins/bStats/config.yml
[03:29:25] [Server thread/INFO]: [playit-gg] Enabling playit-gg v0.1.4
[03:29:26] [Thread-9/INFO]: [gg.playit.minecraft.PlayitKeysSetup] secret key found, checking
[03:29:26] [Thread-9/INFO]: [gg.playit.minecraft.PlayitKeysSetup] check secret
[03:29:26] [Server thread/INFO]: [GSit] Enabling GSit v1.9.5
[03:29:26] [Server thread/INFO]: [GSit] The plugin was successfully enabled.
[03:29:26] [Server thread/INFO]: [GSit] Link with ViaVersion successful!
[03:29:26] [Server thread/INFO]: [BetterTeams] Enabling BetterTeams v4.9.4
[03:29:26] [Server thread/INFO]: [BetterTeams] Checking if the file messages.yml is up to date
[03:29:26] [Server thread/INFO]: [BetterTeams] File is up to date
[03:29:27] [Server thread/INFO]: Display team name config value: prefix
[03:29:27] [Server thread/INFO]: Loading below name. Type: PREFIX
[03:29:27] [Server thread/INFO]: teamManagement declared: com.booksaw.betterTeams.events.MCTeamManagement@7992f411
[03:29:27] [Server thread/INFO]: [Back] Enabling Back v1.5
[03:29:27] [Server thread/INFO]: The death_locations.yml file has been saved
[03:29:27] [Server thread/INFO]: ----------------------------
[03:29:27] [Server thread/INFO]: Back Plugin Enabled!
[03:29:27] [Server thread/INFO]: Plugin developed by GFelberg
[03:29:27] [Server thread/INFO]: ----------------------------
[03:29:27] [Server thread/INFO]: [SetHome] Enabling SetHome v6.2.3
[03:29:27] [Server thread/INFO]: [TabTPS] Enabling TabTPS v1.3.24
[03:29:27] [Thread-9/INFO]: [gg.playit.minecraft.PlayitKeysSetup] found minecraft java tunnel: ensure-bread.joinmc.link
[03:29:27] [Thread-9/INFO]: [gg.playit.minecraft.PlayitManager] keys and tunnel setup
[03:29:27] [Thread-9/WARN]: [gg.playit.control.ChannelSetup] Got IO error working with :control.playit.gg/2602:fbaf:848:0:0:0:0:1, error : java.net.SocketException: Network is unreachable
[03:29:28] [Thread-9/INFO]: [gg.playit.control.ChannelSetup] request queued, waiting 1 second before resend
[03:29:28] [Server thread/INFO]: [VeinMiner] Enabling VeinMiner v2.2.4
[03:29:28] [Server thread/INFO]: [VeinMiner] Loading configuration options to local memory
[03:29:28] [ForkJoinPool.commonPool-worker-2/INFO]: [VeinMiner] Using SQLITE for persistent storage.
[03:29:28] [Server thread/INFO]: [VeinMiner] Added 13 aliases.
[03:29:28] [Server thread/INFO]: [VeinMiner] Registered category with id "Axe" holding 6 unique items and 26 unique blocks.
[03:29:28] [Server thread/INFO]: [VeinMiner] Registered category with id "Hoe" holding 6 unique items and 10 unique blocks.
[03:29:28] [Server thread/INFO]: [VeinMiner] Registered category with id "Pickaxe" holding 6 unique items and 23 unique blocks.
[03:29:28] [Server thread/INFO]: [VeinMiner] Registered category with id "Shears" holding 1 unique items and 27 unique blocks.
[03:29:28] [Server thread/INFO]: [VeinMiner] Registered category with id "Shovel" holding 6 unique items and 10 unique blocks.
[03:29:28] [Server thread/WARN]: [VeinMiner] No block list configured for category with id "Hand"! Is this intentional?
[03:29:28] [Server thread/INFO]: [VeinMiner] Registered category with id "Hand" holding 0 unique items and 0 unique blocks.
[03:29:28] [Server thread/INFO]: [VeinMiner] Performing an update check!
[03:29:28] [Server thread/INFO]: [VeinMiner] Registering commands
[03:29:28] [Server thread/INFO]: [VeinMiner] Registering events
[03:29:28] [Server thread/INFO]: [VeinMiner] Vault not found. Economy support suspended
[03:29:28] [Server thread/INFO]: [VeinMiner] Enabling Plugin Metrics
[03:29:28] [ForkJoinPool.commonPool-worker-2/INFO]: [VeinMiner] You are on the latest version of VeinMiner.
[03:29:28] [Server thread/INFO]: [VeinMiner] Thanks for enabling Metrics! The anonymous stats are appreciated
[03:29:28] [Server thread/INFO]: [LibreLogin] Enabling LibreLogin v0.22.0
[03:29:28] [Server thread/INFO]: [LibreLogin] Bootstrapping LibreLogin...
[03:29:29] [Server thread/INFO]: [LibreLogin] Loading messages...
[03:29:29] [Thread-9/INFO]: [gg.playit.control.ChannelSetup] request queued, waiting 1 second before resend
[03:29:29] [Server thread/INFO]: [LibreLogin] Loading configuration...
[03:29:29] [Server thread/INFO]: [LibreLogin] Loading forbidden passwords...
[03:29:29] [Server thread/INFO]: [LibreLogin] Loaded 984904 forbidden passwords
[03:29:29] [Server thread/INFO]: [LibreLogin] Connecting to the database...
[03:29:29] [Server thread/INFO]: [xyz.kyngs.librelogin.lib.hikari.HikariDataSource] LibreLogin SQLite Pool - Starting...
[03:29:29] [Server thread/INFO]: [xyz.kyngs.librelogin.lib.hikari.pool.HikariPool] LibreLogin SQLite Pool - Added connection org.sqlite.jdbc4.JDBC4Connection@682822d8
[03:29:29] [Server thread/INFO]: [xyz.kyngs.librelogin.lib.hikari.HikariDataSource] LibreLogin SQLite Pool - Start completed.
[03:29:29] [Server thread/INFO]: [LibreLogin] Successfully connected to the database
[03:29:29] [Server thread/INFO]: [LibreLogin] Validating schema
[03:29:29] [Server thread/INFO]: [LibreLogin] Schema validated
[03:29:29] [Server thread/INFO]: [LibreLogin] Found world file for limbo, loading...
[03:29:29] [Server thread/INFO]: Preparing start region for dimension minecraft:limbo
[03:29:29] [Server thread/INFO]: Time elapsed: 95 ms
[03:29:30] [Server thread/INFO]: [LibreLogin] [ACF] Enabled Asynchronous Tab Completion Support!
[03:29:30] [Server thread/INFO]: [LibreLogin] LuckPerms detected, enabling context provider
[03:29:30] [Server thread/INFO]: Running delayed init tasks
[03:29:30] [Server thread/INFO]: Done (22.550s)! For help, type "help"
[03:29:30] [ForkJoinPool.commonPool-worker-2/INFO]: [squaremap] Fetching version information...
[03:29:30] [Craft Scheduler Thread - 3 - ViaVersion/INFO]: [ViaVersion] Finished mapping loading, shutting down loader executor!
[03:29:30] [Craft Scheduler Thread - 6 - Back/INFO]: [Back] No update available.
[03:29:30] [Server thread/INFO]: [ViaVersion] You are running a development version of the plugin, please report any bugs to GitHub.
[03:29:31] [Craft Scheduler Thread - 1 - LibreLogin/INFO]: [LibreLogin] Checking for updates...
[03:29:32] [Craft Scheduler Thread - 1 - LibreLogin/INFO]: [LibreLogin] You are running the latest version of LibreLogin
[03:29:48] [Thread-9/INFO]: [gg.playit.minecraft.PlayitManager] got new client: NewClient{connectAddr=209.25.142.194:13569, peerAddr=27.78.236.233:12171, claimAddress=209.25.142.2:43784, claimToken=[44, 0, 60, -47, 25, -114, -62, 53, 1, 27, 78, -20, -23, 47, -117, -50, 83, -118, 105, -85, 8, 102, -120, -70, 44, 0, 0, 0, 0, 0, 9, -59, -69, 0, 0, 0, 0, 0, 51, -125, 103, 75, 105, -85, 8, 0, 0, 0, 0, 18, 0, 0, 0, 0, 0, 0, 0, 4, 0, 1, -87, -111, -53, 85, 57, -11, -125, 2, -101, -7, -87, -21, -46, 40, -56, -112], tunnelServerId=4, dataCenterId=18}
[03:29:48] [Thread-9/INFO]: [gg.playit.minecraft.PlayitManager] starting tcp tunnel for client
[03:29:48] [Thread-9/INFO]: [gg.playit.minecraft.PlayitTcpTunnel] start connection to /209.25.142.2:43784 to claim client
[03:29:48] [nioEventLoopGroup-2-1/INFO]: [gg.playit.minecraft.PlayitTcpTunnel] connected to tunnel server, sending claim token
[03:29:48] [nioEventLoopGroup-2-1/INFO]: [gg.playit.minecraft.PlayitTcpTunnel] claim token sent
[03:29:48] [nioEventLoopGroup-2-1/INFO]: [gg.playit.minecraft.PlayitTcpTunnel] connection to tunnel server has been established
[03:29:49] [nioEventLoopGroup-2-1/INFO]: [gg.playit.minecraft.PlayitTcpTunnel] Reflect: ReflectionHelper{ServerConnection=class net.minecraft.server.network.ServerConnectionListener, LegacyPingHandler=class net.minecraft.server.network.LegacyQueryHandler, MinecraftServer=class net.minecraft.server.MinecraftServer, PacketSplitter=class net.minecraft.network.Varint21FrameDecoder, PacketDecoder=class net.minecraft.network.PacketDecoder, EnumProtocolDirection=class net.minecraft.network.protocol.PacketFlow, PacketPrepender=class net.minecraft.network.Varint21LengthFieldPrepender, PacketEncoder=class net.minecraft.network.PacketEncoder, NetworkManagerServer=class net.minecraft.network.RateKickingConnection, NetworkManager=class net.minecraft.network.Connection, HandshakeListener=class net.minecraft.server.network.ServerHandshakePacketListenerImpl, PacketListener=interface net.minecraft.network.PacketListener, CraftServer=class org.bukkit.craftbukkit.CraftServer}
[03:29:49] [nioEventLoopGroup-2-1/INFO]: [gg.playit.minecraft.PlayitTcpTunnel] legacyPingHandler is null
[03:29:49] [nioEventLoopGroup-2-1/INFO]: [gg.playit.minecraft.PlayitTcpTunnel] connecting to minecraft server at localhost/127.0.0.1:25565
[03:29:49] [nioEventLoopGroup-2-2/INFO]: [gg.playit.minecraft.PlayitTcpTunnel] connected to local minecraft server
[03:29:49] [nioEventLoopGroup-2-1/WARN]: [gg.playit.minecraft.PlayitTcpTunnel] failed to send data to tunnel
[03:29:54] [Thread-9/INFO]: [gg.playit.minecraft.PlayitManager] got new client: NewClient{connectAddr=209.25.142.194:13569, peerAddr=42.118.145.201:11488, claimAddress=209.25.142.2:43784, claimToken=[44, 0, 60, -47, 25, -114, -62, 53, 1, 42, 118, -111, -55, 44, -32, -119, 68, 127, 70, -85, 8, 102, -120, -70, 50, 0, 0, 0, 0, 0, 9, -59, -69, 0, 0, 0, 0, 0, 51, -125, 103, 86, 70, -85, 8, 0, 0, 0, 0, 18, 0, 0, 0, 0, 0, 0, 0, 5, 0, 1, 112, 110, -40, 81, 93, -1, 110, 45, -128, 120, -69, 93, 107, -111, 70, 101], tunnelServerId=5, dataCenterId=18}
[03:29:54] [Thread-9/INFO]: [gg.playit.minecraft.PlayitManager] starting tcp tunnel for client
[03:29:54] [Thread-9/INFO]: [gg.playit.minecraft.PlayitTcpTunnel] start connection to /209.25.142.2:43784 to claim client
[03:29:54] [nioEventLoopGroup-2-3/INFO]: [gg.playit.minecraft.PlayitTcpTunnel] connected to tunnel server, sending claim token
[03:29:54] [nioEventLoopGroup-2-3/INFO]: [gg.playit.minecraft.PlayitTcpTunnel] claim token sent
[03:29:54] [nioEventLoopGroup-2-3/INFO]: [gg.playit.minecraft.PlayitTcpTunnel] connection to tunnel server has been established
[03:29:54] [nioEventLoopGroup-2-3/INFO]: [gg.playit.minecraft.PlayitTcpTunnel] Reflect: ReflectionHelper{ServerConnection=class net.minecraft.server.network.ServerConnectionListener, LegacyPingHandler=class net.minecraft.server.network.LegacyQueryHandler, MinecraftServer=class net.minecraft.server.MinecraftServer, PacketSplitter=class net.minecraft.network.Varint21FrameDecoder, PacketDecoder=class net.minecraft.network.PacketDecoder, EnumProtocolDirection=class net.minecraft.network.protocol.PacketFlow, PacketPrepender=class net.minecraft.network.Varint21LengthFieldPrepender, PacketEncoder=class net.minecraft.network.PacketEncoder, NetworkManagerServer=class net.minecraft.network.RateKickingConnection, NetworkManager=class net.minecraft.network.Connection, HandshakeListener=class net.minecraft.server.network.ServerHandshakePacketListenerImpl, PacketListener=interface net.minecraft.network.PacketListener, CraftServer=class org.bukkit.craftbukkit.CraftServer}
[03:29:54] [nioEventLoopGroup-2-3/INFO]: [gg.playit.minecraft.PlayitTcpTunnel] legacyPingHandler is null
[03:29:54] [nioEventLoopGroup-2-3/INFO]: [gg.playit.minecraft.PlayitTcpTunnel] connecting to minecraft server at localhost/127.0.0.1:25565
[03:29:54] [nioEventLoopGroup-2-4/INFO]: [gg.playit.minecraft.PlayitTcpTunnel] connected to local minecraft server
[03:29:55] [Thread-9/INFO]: [gg.playit.minecraft.PlayitManager] got new client: NewClient{connectAddr=209.25.142.194:13569, peerAddr=42.118.145.201:59558, claimAddress=209.25.142.2:43784, claimToken=[44, 0, 60, -47, 25, -114, -62, 53, 1, 42, 118, -111, -55, -24, -90, 6, -90, -14, -81, -85, 8, 102, -120, -70, 51, 0, 0, 0, 0, 0, 9, -59, -69, 0, 0, 0, 0, 0, 51, -125, 103, 84, -81, -85, 8, 0, 0, 0, 0, 18, 0, 0, 0, 0, 0, 0, 0, 3, 0, 1, 105, 28, -16, 23, 8, -72, -30, 94, 116, -105, -108, 61, 26, -61, -56, 53], tunnelServerId=3, dataCenterId=18}
[03:29:55] [Thread-9/INFO]: [gg.playit.minecraft.PlayitManager] starting tcp tunnel for client
[03:29:55] [Thread-9/INFO]: [gg.playit.minecraft.PlayitTcpTunnel] start connection to /209.25.142.2:43784 to claim client
[03:29:55] [nioEventLoopGroup-2-1/INFO]: [gg.playit.minecraft.PlayitTcpTunnel] connected to tunnel server, sending claim token
[03:29:55] [nioEventLoopGroup-2-1/INFO]: [gg.playit.minecraft.PlayitTcpTunnel] claim token sent
[03:29:55] [nioEventLoopGroup-2-1/INFO]: [gg.playit.minecraft.PlayitTcpTunnel] connection to tunnel server has been established
[03:29:55] [nioEventLoopGroup-2-1/INFO]: [gg.playit.minecraft.PlayitTcpTunnel] Reflect: ReflectionHelper{ServerConnection=class net.minecraft.server.network.ServerConnectionListener, LegacyPingHandler=class net.minecraft.server.network.LegacyQueryHandler, MinecraftServer=class net.minecraft.server.MinecraftServer, PacketSplitter=class net.minecraft.network.Varint21FrameDecoder, PacketDecoder=class net.minecraft.network.PacketDecoder, EnumProtocolDirection=class net.minecraft.network.protocol.PacketFlow, PacketPrepender=class net.minecraft.network.Varint21LengthFieldPrepender, PacketEncoder=class net.minecraft.network.PacketEncoder, NetworkManagerServer=class net.minecraft.network.RateKickingConnection, NetworkManager=class net.minecraft.network.Connection, HandshakeListener=class net.minecraft.server.network.ServerHandshakePacketListenerImpl, PacketListener=interface net.minecraft.network.PacketListener, CraftServer=class org.bukkit.craftbukkit.CraftServer}
[03:29:55] [nioEventLoopGroup-2-1/INFO]: [gg.playit.minecraft.PlayitTcpTunnel] legacyPingHandler is null
[03:29:55] [nioEventLoopGroup-2-1/INFO]: [gg.playit.minecraft.PlayitTcpTunnel] connecting to minecraft server at localhost/127.0.0.1:25565
[03:29:55] [nioEventLoopGroup-2-2/INFO]: [gg.playit.minecraft.PlayitTcpTunnel] connected to local minecraft server
[03:29:56] [User Authenticator #0/INFO]: UUID of player Duy022802 is 976fdecc-f3c6-3267-9bd8-a2ba48cf28f0
[03:29:57] [Server thread/INFO]: Duy022802 joined the game
[03:29:57] [Server thread/INFO]: Duy022802[/127.0.0.1:49144] logged in with entity id 56 at ([limbo]0.0, 70.0, 0.0)
[03:29:59] [Thread-9/INFO]: [gg.playit.minecraft.PlayitManager] got new client: NewClient{connectAddr=209.25.142.194:13569, peerAddr=27.78.236.233:12175, claimAddress=209.25.142.2:43784, claimToken=[44, 0, 60, -47, 25, -114, -62, 53, 1, 27, 78, -20, -23, 47, -113, -107, 103, -121, -60, -85, 8, 102, -120, -70, 55, 0, 0, 0, 0, 0, 9, -59, -69, 0, 0, 0, 0, 0, 51, -125, 103, -75, -60, -85, 8, 0, 0, 0, 0, 18, 0, 0, 0, 0, 0, 0, 0, 5, 0, 1, -126, -88, 115, -82, -11, -13, 68, -98, 25, 90, 98, 27, 3, -112, -16, 93], tunnelServerId=5, dataCenterId=18}
[03:29:59] [Thread-9/INFO]: [gg.playit.minecraft.PlayitManager] starting tcp tunnel for client
[03:29:59] [Thread-9/INFO]: [gg.playit.minecraft.PlayitTcpTunnel] start connection to /209.25.142.2:43784 to claim client
[03:29:59] [nioEventLoopGroup-2-3/INFO]: [gg.playit.minecraft.PlayitTcpTunnel] connected to tunnel server, sending claim token
[03:29:59] [nioEventLoopGroup-2-3/INFO]: [gg.playit.minecraft.PlayitTcpTunnel] claim token sent
[03:29:59] [nioEventLoopGroup-2-3/INFO]: [gg.playit.minecraft.PlayitTcpTunnel] connection to tunnel server has been established
[03:29:59] [nioEventLoopGroup-2-3/INFO]: [gg.playit.minecraft.PlayitTcpTunnel] Reflect: ReflectionHelper{ServerConnection=class net.minecraft.server.network.ServerConnectionListener, LegacyPingHandler=class net.minecraft.server.network.LegacyQueryHandler, MinecraftServer=class net.minecraft.server.MinecraftServer, PacketSplitter=class net.minecraft.network.Varint21FrameDecoder, PacketDecoder=class net.minecraft.network.PacketDecoder, EnumProtocolDirection=class net.minecraft.network.protocol.PacketFlow, PacketPrepender=class net.minecraft.network.Varint21LengthFieldPrepender, PacketEncoder=class net.minecraft.network.PacketEncoder, NetworkManagerServer=class net.minecraft.network.RateKickingConnection, NetworkManager=class net.minecraft.network.Connection, HandshakeListener=class net.minecraft.server.network.ServerHandshakePacketListenerImpl, PacketListener=interface net.minecraft.network.PacketListener, CraftServer=class org.bukkit.craftbukkit.CraftServer}
[03:29:59] [nioEventLoopGroup-2-3/INFO]: [gg.playit.minecraft.PlayitTcpTunnel] legacyPingHandler is null
[03:29:59] [nioEventLoopGroup-2-3/INFO]: [gg.playit.minecraft.PlayitTcpTunnel] connecting to minecraft server at localhost/127.0.0.1:25565
[03:29:59] [nioEventLoopGroup-2-4/INFO]: [gg.playit.minecraft.PlayitTcpTunnel] connected to local minecraft server
[03:30:01] [Thread-9/INFO]: [gg.playit.minecraft.PlayitManager] got new client: NewClient{connectAddr=209.25.142.194:13569, peerAddr=27.78.236.233:12177, claimAddress=209.25.142.2:43784, claimToken=[44, 0, 60, -47, 25, -114, -62, 53, 1, 27, 78, -20, -23, 47, -111, 48, -86, 117, 62, -85, 8, 102, -120, -70, 57, 0, 0, 0, 0, 0, 9, -59, -69, 0, 0, 0, 0, 0, 51, -125, 103, -32, 62, -85, 8, 0, 0, 0, 0, 18, 0, 0, 0, 0, 0, 0, 0, 3, 0, 1, 35, 19, -123, 108, -114, 89, -67, -3, 64, -49, 69, 87, 39, -121, 16, 31], tunnelServerId=3, dataCenterId=18}
[03:30:01] [Thread-9/INFO]: [gg.playit.minecraft.PlayitManager] starting tcp tunnel for client
[03:30:01] [Thread-9/INFO]: [gg.playit.minecraft.PlayitTcpTunnel] start connection to /209.25.142.2:43784 to claim client
[03:30:01] [nioEventLoopGroup-2-1/INFO]: [gg.playit.minecraft.PlayitTcpTunnel] connected to tunnel server, sending claim token
[03:30:01] [nioEventLoopGroup-2-1/INFO]: [gg.playit.minecraft.PlayitTcpTunnel] claim token sent
[03:30:01] [nioEventLoopGroup-2-1/INFO]: [gg.playit.minecraft.PlayitTcpTunnel] connection to tunnel server has been established
[03:30:01] [nioEventLoopGroup-2-1/INFO]: [gg.playit.minecraft.PlayitTcpTunnel] Reflect: ReflectionHelper{ServerConnection=class net.minecraft.server.network.ServerConnectionListener, LegacyPingHandler=class net.minecraft.server.network.LegacyQueryHandler, MinecraftServer=class net.minecraft.server.MinecraftServer, PacketSplitter=class net.minecraft.network.Varint21FrameDecoder, PacketDecoder=class net.minecraft.network.PacketDecoder, EnumProtocolDirection=class net.minecraft.network.protocol.PacketFlow, PacketPrepender=class net.minecraft.network.Varint21LengthFieldPrepender, PacketEncoder=class net.minecraft.network.PacketEncoder, NetworkManagerServer=class net.minecraft.network.RateKickingConnection, NetworkManager=class net.minecraft.network.Connection, HandshakeListener=class net.minecraft.server.network.ServerHandshakePacketListenerImpl, PacketListener=interface net.minecraft.network.PacketListener, CraftServer=class org.bukkit.craftbukkit.CraftServer}
[03:30:01] [nioEventLoopGroup-2-1/INFO]: [gg.playit.minecraft.PlayitTcpTunnel] legacyPingHandler is null
[03:30:01] [nioEventLoopGroup-2-1/INFO]: [gg.playit.minecraft.PlayitTcpTunnel] connecting to minecraft server at localhost/127.0.0.1:25565
[03:30:01] [nioEventLoopGroup-2-2/INFO]: [gg.playit.minecraft.PlayitTcpTunnel] connected to local minecraft server
[03:30:01] [User Authenticator #0/INFO]: UUID of player KariaMC is 3135e1ba-255a-3bc2-b0a3-a873fe17e04c
[03:30:01] [Server thread/INFO]: KariaMC joined the game
[03:30:01] [Server thread/INFO]: KariaMC[/127.0.0.1:49164] logged in with entity id 57 at ([limbo]0.0, 70.0, 0.0)
[03:31:05] [Thread-9/INFO]: [gg.playit.minecraft.PlayitManager] got new client: NewClient{connectAddr=209.25.142.194:13569, peerAddr=171.228.193.46:65093, claimAddress=209.25.142.2:43784, claimToken=[44, 0, 60, -47, 25, -114, -62, 53, 1, -85, -28, -63, 46, -2, 69, -109, -108, -24, 121, -85, 8, 102, -120, -70, 121, 0, 0, 0, 0, 0, 9, -59, -69, 0, 0, 0, 0, 0, 51, -125, 103, -97, 121, -85, 8, 0, 0, 0, 0, 18, 0, 0, 0, 0, 0, 0, 0, 3, 0, 1, -26, -77, 70, 71, -69, -79, -67, 74, -93, -10, -42, -101, 50, -80, -125, -41], tunnelServerId=3, dataCenterId=18}
[03:31:05] [Thread-9/INFO]: [gg.playit.minecraft.PlayitManager] starting tcp tunnel for client
[03:31:05] [Thread-9/INFO]: [gg.playit.minecraft.PlayitTcpTunnel] start connection to /209.25.142.2:43784 to claim client
[03:31:05] [nioEventLoopGroup-2-3/INFO]: [gg.playit.minecraft.PlayitTcpTunnel] connected to tunnel server, sending claim token
[03:31:05] [nioEventLoopGroup-2-3/INFO]: [gg.playit.minecraft.PlayitTcpTunnel] claim token sent
[03:31:05] [nioEventLoopGroup-2-3/INFO]: [gg.playit.minecraft.PlayitTcpTunnel] connection to tunnel server has been established
[03:31:05] [nioEventLoopGroup-2-3/INFO]: [gg.playit.minecraft.PlayitTcpTunnel] Reflect: ReflectionHelper{ServerConnection=class net.minecraft.server.network.ServerConnectionListener, LegacyPingHandler=class net.minecraft.server.network.LegacyQueryHandler, MinecraftServer=class net.minecraft.server.MinecraftServer, PacketSplitter=class net.minecraft.network.Varint21FrameDecoder, PacketDecoder=class net.minecraft.network.PacketDecoder, EnumProtocolDirection=class net.minecraft.network.protocol.PacketFlow, PacketPrepender=class net.minecraft.network.Varint21LengthFieldPrepender, PacketEncoder=class net.minecraft.network.PacketEncoder, NetworkManagerServer=class net.minecraft.network.RateKickingConnection, NetworkManager=class net.minecraft.network.Connection, HandshakeListener=class net.minecraft.server.network.ServerHandshakePacketListenerImpl, PacketListener=interface net.minecraft.network.PacketListener, CraftServer=class org.bukkit.craftbukkit.CraftServer}
[03:31:05] [nioEventLoopGroup-2-3/INFO]: [gg.playit.minecraft.PlayitTcpTunnel] legacyPingHandler is null
[03:31:05] [nioEventLoopGroup-2-3/INFO]: [gg.playit.minecraft.PlayitTcpTunnel] connecting to minecraft server at localhost/127.0.0.1:25565
[03:31:05] [nioEventLoopGroup-2-4/INFO]: [gg.playit.minecraft.PlayitTcpTunnel] connected to local minecraft server
[03:31:07] [Thread-9/INFO]: [gg.playit.minecraft.PlayitManager] got new client: NewClient{connectAddr=209.25.142.194:13569, peerAddr=171.228.193.46:65095, claimAddress=209.25.142.2:43784, claimToken=[44, 0, 60, -47, 25, -114, -62, 53, 1, -85, -28, -63, 46, -2, 71, -33, -122, 56, 114, -85, 8, 102, -120, -70, 123, 0, 0, 0, 0, 0, 9, -59, -69, 0, 0, 0, 0, 0, 51, -125, 103, 57, 114, -85, 8, 0, 0, 0, 0, 18, 0, 0, 0, 0, 0, 0, 0, 4, 0, 1, -54, -74, -54, 28, -80, -16, -3, 22, 55, -5, 115, -27, -56, -118, 26, -109], tunnelServerId=4, dataCenterId=18}
[03:31:07] [Thread-9/INFO]: [gg.playit.minecraft.PlayitManager] starting tcp tunnel for client
[03:31:07] [Thread-9/INFO]: [gg.playit.minecraft.PlayitTcpTunnel] start connection to /209.25.142.2:43784 to claim client
[03:31:07] [nioEventLoopGroup-2-1/INFO]: [gg.playit.minecraft.PlayitTcpTunnel] connected to tunnel server, sending claim token
[03:31:07] [nioEventLoopGroup-2-1/INFO]: [gg.playit.minecraft.PlayitTcpTunnel] claim token sent
[03:31:07] [nioEventLoopGroup-2-1/INFO]: [gg.playit.minecraft.PlayitTcpTunnel] connection to tunnel server has been established
[03:31:07] [nioEventLoopGroup-2-1/INFO]: [gg.playit.minecraft.PlayitTcpTunnel] Reflect: ReflectionHelper{ServerConnection=class net.minecraft.server.network.ServerConnectionListener, LegacyPingHandler=class net.minecraft.server.network.LegacyQueryHandler, MinecraftServer=class net.minecraft.server.MinecraftServer, PacketSplitter=class net.minecraft.network.Varint21FrameDecoder, PacketDecoder=class net.minecraft.network.PacketDecoder, EnumProtocolDirection=class net.minecraft.network.protocol.PacketFlow, PacketPrepender=class net.minecraft.network.Varint21LengthFieldPrepender, PacketEncoder=class net.minecraft.network.PacketEncoder, NetworkManagerServer=class net.minecraft.network.RateKickingConnection, NetworkManager=class net.minecraft.network.Connection, HandshakeListener=class net.minecraft.server.network.ServerHandshakePacketListenerImpl, PacketListener=interface net.minecraft.network.PacketListener, CraftServer=class org.bukkit.craftbukkit.CraftServer}
[03:31:07] [nioEventLoopGroup-2-1/INFO]: [gg.playit.minecraft.PlayitTcpTunnel] legacyPingHandler is null
[03:31:07] [nioEventLoopGroup-2-1/INFO]: [gg.playit.minecraft.PlayitTcpTunnel] connecting to minecraft server at localhost/127.0.0.1:25565
[03:31:07] [nioEventLoopGroup-2-2/INFO]: [gg.playit.minecraft.PlayitTcpTunnel] connected to local minecraft server
[03:31:07] [User Authenticator #1/INFO]: UUID of player Minhgamingz is 6002ea6f-10fd-33c3-9375-fdbf1f67d9bc
[03:31:07] [Server thread/INFO]: Minhgamingz joined the game
[03:31:07] [Server thread/INFO]: Minhgamingz[/127.0.0.1:60776] logged in with entity id 588 at ([limbo]0.0, 70.0, 0.0)
[03:31:30] [Thread-9/INFO]: [gg.playit.minecraft.PlayitManager] got new client: NewClient{connectAddr=209.25.142.194:13569, peerAddr=14.186.31.64:49901, claimAddress=209.25.142.2:43784, claimToken=[44, 0, 60, -47, 25, -114, -62, 53, 1, 14, -70, 31, 64, -62, -19, 26, 30, 37, 82, -85, 8, 102, -120, -70, -110, 0, 0, 0, 0, 0, 9, -59, -69, 0, 0, 0, 0, 0, 51, -125, 103, -8, 82, -85, 8, 0, 0, 0, 0, 18, 0, 0, 0, 0, 0, 0, 0, 5, 0, 1, -39, 111, 53, -98, -34, -93, -14, 54, -75, -43, -32, -99, -55, 71, -117, -124], tunnelServerId=5, dataCenterId=18}
[03:31:30] [Thread-9/INFO]: [gg.playit.minecraft.PlayitManager] starting tcp tunnel for client
[03:31:30] [Thread-9/INFO]: [gg.playit.minecraft.PlayitTcpTunnel] start connection to /209.25.142.2:43784 to claim client
[03:31:30] [nioEventLoopGroup-2-3/INFO]: [gg.playit.minecraft.PlayitTcpTunnel] connected to tunnel server, sending claim token
[03:31:30] [nioEventLoopGroup-2-3/INFO]: [gg.playit.minecraft.PlayitTcpTunnel] claim token sent
[03:31:30] [nioEventLoopGroup-2-3/INFO]: [gg.playit.minecraft.PlayitTcpTunnel] connection to tunnel server has been established
[03:31:30] [nioEventLoopGroup-2-3/INFO]: [gg.playit.minecraft.PlayitTcpTunnel] Reflect: ReflectionHelper{ServerConnection=class net.minecraft.server.network.ServerConnectionListener, LegacyPingHandler=class net.minecraft.server.network.LegacyQueryHandler, MinecraftServer=class net.minecraft.server.MinecraftServer, PacketSplitter=class net.minecraft.network.Varint21FrameDecoder, PacketDecoder=class net.minecraft.network.PacketDecoder, EnumProtocolDirection=class net.minecraft.network.protocol.PacketFlow, PacketPrepender=class net.minecraft.network.Varint21LengthFieldPrepender, PacketEncoder=class net.minecraft.network.PacketEncoder, NetworkManagerServer=class net.minecraft.network.RateKickingConnection, NetworkManager=class net.minecraft.network.Connection, HandshakeListener=class net.minecraft.server.network.ServerHandshakePacketListenerImpl, PacketListener=interface net.minecraft.network.PacketListener, CraftServer=class org.bukkit.craftbukkit.CraftServer}
[03:31:30] [nioEventLoopGroup-2-3/INFO]: [gg.playit.minecraft.PlayitTcpTunnel] legacyPingHandler is null
[03:31:30] [nioEventLoopGroup-2-3/INFO]: [gg.playit.minecraft.PlayitTcpTunnel] connecting to minecraft server at localhost/127.0.0.1:25565
[03:31:30] [nioEventLoopGroup-2-4/INFO]: [gg.playit.minecraft.PlayitTcpTunnel] connected to local minecraft server
[03:31:32] [Thread-9/INFO]: [gg.playit.minecraft.PlayitManager] got new client: NewClient{connectAddr=209.25.142.194:13569, peerAddr=14.186.31.64:49906, claimAddress=209.25.142.2:43784, claimToken=[44, 0, 60, -47, 25, -114, -62, 53, 1, 14, -70, 31, 64, -62, -14, -86, -36, 26, -83, -85, 8, 102, -120, -70, -108, 0, 0, 0, 0, 0, 9, -59, -69, 0, 0, 0, 0, 0, 51, -125, 103, -12, -83, -85, 8, 0, 0, 0, 0, 18, 0, 0, 0, 0, 0, 0, 0, 5, 0, 1, 69, -72, 104, 115, -25, 55, -57, 50, -62, 24, -29, 23, -106, 6, -126, -109], tunnelServerId=5, dataCenterId=18}
[03:31:32] [Thread-9/INFO]: [gg.playit.minecraft.PlayitManager] starting tcp tunnel for client
[03:31:32] [Thread-9/INFO]: [gg.playit.minecraft.PlayitTcpTunnel] start connection to /209.25.142.2:43784 to claim client
[03:31:32] [nioEventLoopGroup-2-1/INFO]: [gg.playit.minecraft.PlayitTcpTunnel] connected to tunnel server, sending claim token
[03:31:32] [nioEventLoopGroup-2-1/INFO]: [gg.playit.minecraft.PlayitTcpTunnel] claim token sent
[03:31:32] [nioEventLoopGroup-2-1/INFO]: [gg.playit.minecraft.PlayitTcpTunnel] connection to tunnel server has been established
[03:31:32] [nioEventLoopGroup-2-1/INFO]: [gg.playit.minecraft.PlayitTcpTunnel] Reflect: ReflectionHelper{ServerConnection=class net.minecraft.server.network.ServerConnectionListener, LegacyPingHandler=class net.minecraft.server.network.LegacyQueryHandler, MinecraftServer=class net.minecraft.server.MinecraftServer, PacketSplitter=class net.minecraft.network.Varint21FrameDecoder, PacketDecoder=class net.minecraft.network.PacketDecoder, EnumProtocolDirection=class net.minecraft.network.protocol.PacketFlow, PacketPrepender=class net.minecraft.network.Varint21LengthFieldPrepender, PacketEncoder=class net.minecraft.network.PacketEncoder, NetworkManagerServer=class net.minecraft.network.RateKickingConnection, NetworkManager=class net.minecraft.network.Connection, HandshakeListener=class net.minecraft.server.network.ServerHandshakePacketListenerImpl, PacketListener=interface net.minecraft.network.PacketListener, CraftServer=class org.bukkit.craftbukkit.CraftServer}
[03:31:32] [nioEventLoopGroup-2-1/INFO]: [gg.playit.minecraft.PlayitTcpTunnel] legacyPingHandler is null
[03:31:32] [nioEventLoopGroup-2-1/INFO]: [gg.playit.minecraft.PlayitTcpTunnel] connecting to minecraft server at localhost/127.0.0.1:25565
[03:31:32] [nioEventLoopGroup-2-2/INFO]: [gg.playit.minecraft.PlayitTcpTunnel] connected to local minecraft server
[03:31:32] [User Authenticator #1/INFO]: UUID of player Quangviet2010 is 7da49b08-1dbc-38e1-a55c-033ff797cc9e
[03:31:34] [Server thread/INFO]: Quangviet2010 joined the game
[03:31:34] [Server thread/INFO]: Quangviet2010[/127.0.0.1:47800] logged in with entity id 691 at ([limbo]0.0, 70.0, 0.0)
[03:32:01] [Async Chat Thread - #0/INFO]: [Not Secure] [TuBan] <KariaMC> nhìn đám loi nhoi lóc nhóc này cưng quá>w<
[03:33:00] [Async Chat Thread - #0/INFO]: [Not Secure] [TuBan] <KariaMC> cute:3
[03:33:01] [Server thread/INFO]: Quangviet2010 issued server command: /gamemode spectator
[03:33:01] [Server thread/INFO]: [Crystal Quangviet2010: Set own game mode to Spectator Mode]
[03:33:02] [Server thread/INFO]: Quangviet2010 issued server command: /gamemode creative
[03:33:02] [Server thread/INFO]: [Crystal Quangviet2010: Set own game mode to Creative Mode]
[03:33:29] [Thread-9/INFO]: [gg.playit.control.ChannelSetup] send keep alive
[03:34:06] [Server thread/INFO]: Quangviet2010 issued server command: /gamemode spectator
[03:34:06] [Server thread/INFO]: [Crystal Quangviet2010: Set own game mode to Spectator Mode]
[03:34:09] [Server thread/INFO]: Quangviet2010 issued server command: /gamemode creative
[03:34:09] [Server thread/INFO]: [Crystal Quangviet2010: Set own game mode to Creative Mode]
[03:34:23] [Server thread/INFO]: TuBan Minhgamingz has made the advancement [Tactical Fishing]
[03:34:33] [Server thread/WARN]: Can't keep up! Is the server overloaded? Running 3262ms or 65 ticks behind
[03:34:33] [Server thread/WARN]: KariaMC moved too quickly! 13.5036671479279,-0.09276121010378802,-0.4372165550121281
[03:34:33] [Server thread/WARN]: Minhgamingz moved too quickly! 3.914555638795946,-8.736484681113367,3.036376226296852
[03:34:33] [Server thread/WARN]: Quangviet2010 moved too quickly! -15.538389993832197,1.0104000401496904,-2.7669047314957425
[03:34:33] [Server thread/WARN]: Duy022802 moved too quickly! 70.7264421654686,27.634036977847202,-34.1785463305896
[03:34:35] [Server thread/INFO]: Minhgamingz issued server command: /hom
[03:34:36] [Server thread/INFO]: Minhgamingz issued server command: /home
[03:34:51] [Async Chat Thread - #2/INFO]: [Not Secure] [TuBan] <KariaMC> Minh ơi, ra biển múc dùm mấy xô cá ik
[03:34:56] [squaremap-render-[minecraft:the_nether]-1/INFO]: [squaremap] Started full map render for minecraft:the_nether
[03:34:56] [squaremap-render-[minecraft:the_nether]-1/INFO]: [squaremap] Scanning region files... (this may take a moment)
[03:34:56] [squaremap-render-[minecraft:the_nether]-1/INFO]: [squaremap] Found 66 region files
[03:34:57] [Async Chat Thread - #2/INFO]: [Not Secure] [TuBan] <KariaMC> về cho axolot ăn:3
[03:34:57] [squaremap-render-progresslogger-[minecraft:the_nether]/INFO]: [squaremap] (0.71%) World: minecraft:the_nether Regions: 0/66 Chunks: 478/67584 Elapsed: 00:00:01 ETA: 00:02:20 Rate: 478.0 cps
[03:34:57] [Async Chat Thread - #2/INFO]: [Not Secure] [TuBan] <Minhgamingz> đây thây ;v
[03:34:58] [squaremap-render-progresslogger-[minecraft:the_nether]/INFO]: [squaremap] (3.59%) World: minecraft:the_nether Regions: 2/66 Chunks: 2425/67584 Elapsed: 00:00:02 ETA: 00:00:53 Rate: 1212.5 cps
[03:34:59] [squaremap-render-progresslogger-[minecraft:the_nether]/INFO]: [squaremap] (5.31%) World: minecraft:the_nether Regions: 3/66 Chunks: 3587/67584 Elapsed: 00:00:03 ETA: 00:00:53 Rate: 1195.7 cps
[03:35:00] [squaremap-render-progresslogger-[minecraft:the_nether]/INFO]: [squaremap] (6.43%) World: minecraft:the_nether Regions: 4/66 Chunks: 4347/67584 Elapsed: 00:00:04 ETA: 00:00:58 Rate: 1086.8 cps
[03:35:01] [squaremap-render-progresslogger-[minecraft:the_nether]/INFO]: [squaremap] (7.72%) World: minecraft:the_nether Regions: 5/66 Chunks: 5217/67584 Elapsed: 00:00:05 ETA: 00:00:59 Rate: 1043.4 cps
[03:35:02] [squaremap-render-progresslogger-[minecraft:the_nether]/INFO]: [squaremap] (9.57%) World: minecraft:the_nether Regions: 6/66 Chunks: 6470/67584 Elapsed: 00:00:06 ETA: 00:00:56 Rate: 1078.3 cps
[03:35:03] [squaremap-render-progresslogger-[minecraft:the_nether]/INFO]: [squaremap] (12.50%) World: minecraft:the_nether Regions: 8/66 Chunks: 8450/67584 Elapsed: 00:00:07 ETA: 00:00:48 Rate: 1207.1 cps
[03:35:04] [squaremap-render-progresslogger-[minecraft:the_nether]/INFO]: [squaremap] (17.04%) World: minecraft:the_nether Regions: 11/66 Chunks: 11519/67584 Elapsed: 00:00:08 ETA: 00:00:38 Rate: 1439.9 cps
[03:35:05] [squaremap-render-progresslogger-[minecraft:the_nether]/INFO]: [squaremap] (18.90%) World: minecraft:the_nether Regions: 12/66 Chunks: 12773/67584 Elapsed: 00:00:09 ETA: 00:00:38 Rate: 1419.2 cps
[03:35:06] [squaremap-render-progresslogger-[minecraft:the_nether]/INFO]: [squaremap] (20.91%) World: minecraft:the_nether Regions: 13/66 Chunks: 14135/67584 Elapsed: 00:00:10 ETA: 00:00:37 Rate: 1413.5 cps
[03:35:07] [squaremap-render-progresslogger-[minecraft:the_nether]/INFO]: [squaremap] (22.22%) World: minecraft:the_nether Regions: 14/66 Chunks: 15019/67584 Elapsed: 00:00:11 ETA: 00:00:38 Rate: 1365.4 cps
[03:35:08] [squaremap-render-progresslogger-[minecraft:the_nether]/INFO]: [squaremap] (24.65%) World: minecraft:the_nether Regions: 16/66 Chunks: 16661/67584 Elapsed: 00:00:12 ETA: 00:00:36 Rate: 1388.4 cps
[03:35:09] [squaremap-render-progresslogger-[minecraft:the_nether]/INFO]: [squaremap] (27.53%) World: minecraft:the_nether Regions: 17/66 Chunks: 18609/67584 Elapsed: 00:00:13 ETA: 00:00:34 Rate: 1431.5 cps
[03:35:10] [squaremap-render-progresslogger-[minecraft:the_nether]/INFO]: [squaremap] (37.20%) World: minecraft:the_nether Regions: 24/66 Chunks: 25141/67584 Elapsed: 00:00:14 ETA: 00:00:23 Rate: 1795.8 cps
[03:35:10] [Async Chat Thread - #2/INFO]: [Not Secure] [TuBan] <KariaMC> xin
[03:35:11] [squaremap-render-progresslogger-[minecraft:the_nether]/INFO]: [squaremap] (38.63%) World: minecraft:the_nether Regions: 25/66 Chunks: 26106/67584 Elapsed: 00:00:15 ETA: 00:00:23 Rate: 1740.4 cps
[03:35:12] [squaremap-render-progresslogger-[minecraft:the_nether]/INFO]: [squaremap] (41.72%) World: minecraft:the_nether Regions: 27/66 Chunks: 28193/67584 Elapsed: 00:00:16 ETA: 00:00:22 Rate: 1762.1 cps
[03:35:13] [squaremap-render-progresslogger-[minecraft:the_nether]/INFO]: [squaremap] (43.85%) World: minecraft:the_nether Regions: 28/66 Chunks: 29634/67584 Elapsed: 00:00:17 ETA: 00:00:21 Rate: 1743.2 cps
[03:35:14] [squaremap-render-progresslogger-[minecraft:the_nether]/INFO]: [squaremap] (45.51%) World: minecraft:the_nether Regions: 29/66 Chunks: 30759/67584 Elapsed: 00:00:18 ETA: 00:00:21 Rate: 1708.8 cps
[03:35:15] [squaremap-render-progresslogger-[minecraft:the_nether]/INFO]: [squaremap] (51.14%) World: minecraft:the_nether Regions: 33/66 Chunks: 34563/67584 Elapsed: 00:00:19 ETA: 00:00:18 Rate: 1819.1 cps
[03:35:16] [squaremap-render-progresslogger-[minecraft:the_nether]/INFO]: [squaremap] (53.27%) World: minecraft:the_nether Regions: 34/66 Chunks: 36005/67584 Elapsed: 00:00:20 ETA: 00:00:17 Rate: 1800.2 cps
[03:35:17] [squaremap-render-progresslogger-[minecraft:the_nether]/INFO]: [squaremap] (55.34%) World: minecraft:the_nether Regions: 35/66 Chunks: 37404/67584 Elapsed: 00:00:21 ETA: 00:00:16 Rate: 1846.3 cps
[03:35:18] [squaremap-render-progresslogger-[minecraft:the_nether]/INFO]: [squaremap] (60.22%) World: minecraft:the_nether Regions: 39/66 Chunks: 40700/67584 Elapsed: 00:00:22 ETA: 00:00:14 Rate: 1913.8 cps
[03:35:19] [squaremap-render-progresslogger-[minecraft:the_nether]/INFO]: [squaremap] (61.75%) World: minecraft:the_nether Regions: 40/66 Chunks: 41731/67584 Elapsed: 00:00:23 ETA: 00:00:14 Rate: 1907.2 cps
[03:35:20] [squaremap-render-progresslogger-[minecraft:the_nether]/INFO]: [squaremap] (63.31%) World: minecraft:the_nether Regions: 41/66 Chunks: 42787/67584 Elapsed: 00:00:24 ETA: 00:00:13 Rate: 1922.0 cps
[03:35:21] [squaremap-render-progresslogger-[minecraft:the_nether]/INFO]: [squaremap] (67.95%) World: minecraft:the_nether Regions: 44/66 Chunks: 45923/67584 Elapsed: 00:00:25 ETA: 00:00:11 Rate: 2035.3 cps
[03:35:22] [squaremap-render-progresslogger-[minecraft:the_nether]/INFO]: [squaremap] (70.28%) World: minecraft:the_nether Regions: 45/66 Chunks: 47501/67584 Elapsed: 00:00:26 ETA: 00:00:10 Rate: 2051.6 cps
[03:35:23] [squaremap-render-progresslogger-[minecraft:the_nether]/INFO]: [squaremap] (75.20%) World: minecraft:the_nether Regions: 48/66 Chunks: 50823/67584 Elapsed: 00:00:27 ETA: 00:00:08 Rate: 2118.7 cps
[03:35:24] [squaremap-render-progresslogger-[minecraft:the_nether]/INFO]: [squaremap] (78.95%) World: minecraft:the_nether Regions: 51/66 Chunks: 53360/67584 Elapsed: 00:00:28 ETA: 00:00:07 Rate: 2092.1 cps
[03:35:25] [squaremap-render-progresslogger-[minecraft:the_nether]/INFO]: [squaremap] (80.90%) World: minecraft:the_nether Regions: 52/66 Chunks: 54677/67584 Elapsed: 00:00:29 ETA: 00:00:06 Rate: 2095.2 cps
[03:35:26] [squaremap-render-progresslogger-[minecraft:the_nether]/INFO]: [squaremap] (89.61%) World: minecraft:the_nether Regions: 58/66 Chunks: 60565/67584 Elapsed: 00:00:30 ETA: 00:00:03 Rate: 2321.5 cps
[03:35:27] [squaremap-render-[minecraft:the_nether]-1/INFO]: [squaremap] Finished rendering map for minecraft:the_nether
[03:36:19] [Async Chat Thread - #4/INFO]: [Not Secure] [TuBan] <KariaMC> cưng quáaa
[03:36:49] [Server thread/WARN]: Can't keep up! Is the server overloaded? Running 2637ms or 52 ticks behind
[03:36:49] [Server thread/WARN]: Duy022802 moved too quickly! -11.113248965406001,-0.8338907390617862,-6.819084760468286
[03:37:13] [Server thread/INFO]: Minhgamingz issued server command: /home
[03:37:29] [Thread-9/INFO]: [gg.playit.control.ChannelSetup] send keep alive
[03:37:32] [Async Chat Thread - #6/INFO]: [Not Secure] [Crystal] <Quangviet2010> duy ơi
[03:37:39] [Async Chat Thread - #6/INFO]: [Not Secure] [Crystal] <Duy022802> ha
[03:37:42] [Async Chat Thread - #6/INFO]: [Not Secure] [Crystal] <Quangviet2010> bel
[03:38:00] [Server thread/INFO]: Locating element minecraft:ancient_city took 336 ms
[03:38:11] [Async Chat Thread - #6/INFO]: [Not Secure] [Crystal] <Duy022802> viet
[03:38:20] [Async Chat Thread - #6/INFO]: [Not Secure] [Crystal] <Duy022802> m sim quynh dk
[03:38:48] [Server thread/INFO]: Quangviet2010 issued server command: /gamemode spectator
[03:38:48] [Server thread/INFO]: [Crystal Quangviet2010: Set own game mode to Spectator Mode]
[03:38:49] [Server thread/INFO]: [Crystal Quangviet2010: Set own game mode to Survival Mode]
[03:38:51] [Thread-9/INFO]: [gg.playit.minecraft.PlayitManager] got new client: NewClient{connectAddr=209.25.142.194:13569, peerAddr=14.187.132.255:50796, claimAddress=209.25.142.2:43784, claimToken=[44, 0, 60, -47, 25, -114, -62, 53, 1, 14, -69, -124, -1, -58, 108, -118, 47, -76, -125, -85, 8, 102, -120, -68, 75, 0, 0, 0, 0, 0, 9, -59, -69, 0, 0, 0, 0, 0, 51, -125, 103, 105, -125, -85, 8, 0, 0, 0, 0, 18, 0, 0, 0, 0, 0, 0, 0, 5, 0, 1, -109, -66, -18, -58, -58, 71, 45, -40, -90, 126, 69, -3, -41, -56, -13, -107], tunnelServerId=5, dataCenterId=18}
[03:38:51] [Thread-9/INFO]: [gg.playit.minecraft.PlayitManager] starting tcp tunnel for client
[03:38:51] [Thread-9/INFO]: [gg.playit.minecraft.PlayitTcpTunnel] start connection to /209.25.142.2:43784 to claim client
[03:38:51] [nioEventLoopGroup-2-3/INFO]: [gg.playit.minecraft.PlayitTcpTunnel] connected to tunnel server, sending claim token
[03:38:51] [nioEventLoopGroup-2-3/INFO]: [gg.playit.minecraft.PlayitTcpTunnel] claim token sent
[03:38:51] [nioEventLoopGroup-2-3/INFO]: [gg.playit.minecraft.PlayitTcpTunnel] connection to tunnel server has been established
[03:38:51] [nioEventLoopGroup-2-3/INFO]: [gg.playit.minecraft.PlayitTcpTunnel] Reflect: ReflectionHelper{ServerConnection=class net.minecraft.server.network.ServerConnectionListener, LegacyPingHandler=class net.minecraft.server.network.LegacyQueryHandler, MinecraftServer=class net.minecraft.server.MinecraftServer, PacketSplitter=class net.minecraft.network.Varint21FrameDecoder, PacketDecoder=class net.minecraft.network.PacketDecoder, EnumProtocolDirection=class net.minecraft.network.protocol.PacketFlow, PacketPrepender=class net.minecraft.network.Varint21LengthFieldPrepender, PacketEncoder=class net.minecraft.network.PacketEncoder, NetworkManagerServer=class net.minecraft.network.RateKickingConnection, NetworkManager=class net.minecraft.network.Connection, HandshakeListener=class net.minecraft.server.network.ServerHandshakePacketListenerImpl, PacketListener=interface net.minecraft.network.PacketListener, CraftServer=class org.bukkit.craftbukkit.CraftServer}
[03:38:51] [nioEventLoopGroup-2-3/INFO]: [gg.playit.minecraft.PlayitTcpTunnel] legacyPingHandler is null
[03:38:51] [nioEventLoopGroup-2-3/INFO]: [gg.playit.minecraft.PlayitTcpTunnel] connecting to minecraft server at localhost/127.0.0.1:25565
[03:38:51] [nioEventLoopGroup-2-4/INFO]: [gg.playit.minecraft.PlayitTcpTunnel] connected to local minecraft server
[03:38:52] [User Authenticator #2/INFO]: UUID of player hi is d597980c-8763-32bc-9670-6f8121436264
[03:38:52] [Server thread/INFO]: hi joined the game
[03:38:52] [Server thread/INFO]: hi[/127.0.0.1:53372] logged in with entity id 6580 at ([limbo]0.0, 70.0, 0.0)
[03:39:04] [Server thread/INFO]: hi issued server command: /home
[03:39:14] [Server thread/WARN]: Can't keep up! Is the server overloaded? Running 2717ms or 54 ticks behind
[03:39:28] [Async Chat Thread - #8/INFO]: [Not Secure] [TuBan] <hi> hmm
[03:39:32] [Server thread/INFO]: Minhgamingz issued server command: /home
[03:39:41] [Server thread/WARN]: Quangviet2010 moved too quickly! -46.82979650287052,-2.7749632721295825,-0.007552236653282307
[03:39:47] [Async Chat Thread - #8/INFO]: [Not Secure] [TuBan] <hi> di pa
[03:39:51] [Async Chat Thread - #8/INFO]: [Not Secure] [TuBan] <hi> :))
[03:39:57] [Async Chat Thread - #8/INFO]: [Not Secure] [TuBan] <hi> dau dau
[03:40:07] [Async Chat Thread - #8/INFO]: [Not Secure] [TuBan] <hi> :))
[03:40:08] [Async Chat Thread - #8/INFO]: [Not Secure] [Crystal] <Quangviet2010> t vừa đi xa vl
[03:40:13] [Async Chat Thread - #8/INFO]: [Not Secure] [TuBan] <KariaMC> hao tu lên:>>
[03:40:13] [Async Chat Thread - #8/INFO]: [Not Secure] [TuBan] <hi> kkk
[03:40:17] [Async Chat Thread - #8/INFO]: [Not Secure] [TuBan] <hi> :>>
[03:40:19] [Async Chat Thread - #8/INFO]: [Not Secure] [TuBan] <KariaMC> hay dị:
[03:40:25] [Async Chat Thread - #8/INFO]: [Not Secure] [Crystal] <Quangviet2010> x 4081 y: 69 z: 20518
[03:40:29] [Async Chat Thread - #8/INFO]: [Not Secure] [Crystal] <Quangviet2010> có cái san hô
[03:40:30] [Async Chat Thread - #8/INFO]: [Not Secure] [TuBan] <hi> click chuot phai a
[03:40:44] [Async Chat Thread - #8/INFO]: [Not Secure] [TuBan] <hi> :)
[03:40:46] [Async Chat Thread - #8/INFO]: [Not Secure] [TuBan] <KariaMC> kkk
[03:40:55] [Async Chat Thread - #8/INFO]: [Not Secure] [TuBan] <hi> ay za dau qua
[03:41:02] [Async Chat Thread - #8/INFO]: [Not Secure] [TuBan] <hi> kk
[03:41:15] [Server thread/WARN]: Can't keep up! Is the server overloaded? Running 3505ms or 70 ticks behind
[03:41:15] [Async Chat Thread - #8/INFO]: [Not Secure] [TuBan] <hi> :))))
[03:41:28] [Server thread/WARN]: hi moved wrongly!, (-0.4033999896049636)
[03:41:28] [Server thread/WARN]: Duy022802 moved too quickly! 39.67619509670021,-11.94523449830291,-12.95525567585446
[03:41:28] [Server thread/WARN]: Minhgamingz moved too quickly! 1.6918508324475283,2.8338907390617862,-31.428465138133106
[03:41:28] [Server thread/WARN]: Quangviet2010 moved wrongly!, (0.0)
[03:41:30] [Thread-9/INFO]: [gg.playit.control.ChannelSetup] send keep alive
[03:41:47] [Server thread/INFO]: Minhgamingz issued server command: /home
[03:42:02] [Async Chat Thread - #8/INFO]: [Not Secure] [TuBan] <hi> di di pa
[03:42:11] [Async Chat Thread - #8/INFO]: [Not Secure] [TuBan] <KariaMC> Minh lên đầu hi đi
[03:42:12] [Async Chat Thread - #8/INFO]: [Not Secure] [TuBan] <hi> leo len dau kia kia
[03:42:21] [Async Chat Thread - #8/INFO]: [Not Secure] [TuBan] <Minhgamingz> ;v
[03:42:25] [Async Chat Thread - #8/INFO]: [Not Secure] [TuBan] <hi> di :I
[03:42:46] [Server thread/INFO]: Duy022802 issued server command: /team home
[03:42:49] [Async Chat Thread - #8/INFO]: [Not Secure] [TuBan] <hi> anyway
[03:42:54] [Async Chat Thread - #9/INFO]: [Not Secure] [TuBan] <KariaMC> :>??
[03:43:09] [Async Chat Thread - #9/INFO]: [Not Secure] [TuBan] <hi> :)
[03:43:33] [Server thread/INFO]: Minhgamingz issued server command: /home
[03:43:35] [Async Chat Thread - #9/INFO]: [Not Secure] [TuBan] <KariaMC> eh zui nha:33
[03:43:39] [Async Chat Thread - #9/INFO]: [Not Secure] [TuBan] <hi> :0
[03:43:41] [Async Chat Thread - #9/INFO]: [Not Secure] [TuBan] <hi> :>
[03:43:56] [Async Chat Thread - #9/INFO]: [Not Secure] [TuBan] <KariaMC> nhìn mắc cưới quá :0
[03:44:24] [Server thread/INFO]: Minhgamingz issued server command: /home
[03:45:30] [Thread-9/INFO]: [gg.playit.control.ChannelSetup] send keep alive
[03:46:07] [Async Chat Thread - #10/INFO]: [Not Secure] [Crystal] <Quangviet2010> một đống tuyết
[03:46:13] [Async Chat Thread - #10/INFO]: [Not Secure] [TuBan] <KariaMC> 0-0-
[03:46:18] [Async Chat Thread - #10/INFO]: [Not Secure] [TuBan] <hi> let go
[03:46:28] [Server thread/INFO]: Minhgamingz issued server command: /home
[03:47:08] [Server thread/INFO]: Duy022802 issued server command: /team home
[03:47:11] [Server thread/INFO]: Duy022802 issued server command: /home
[03:47:32] [Async Chat Thread - #12/INFO]: [Not Secure] [TuBan] <hi> jv pa :)
[03:47:33] [Async Chat Thread - #12/INFO]: [Not Secure] [TuBan] <KariaMC> má phantom:)
[03:47:35] [Server thread/INFO]: Duy022802 issued server command: /team home
[03:47:40] [Async Chat Thread - #12/INFO]: [Not Secure] [TuBan] <hi> :>
[03:47:44] [Server thread/INFO]: Quangviet2010 issued server command: /give Quangviet2010 bucket
[03:47:44] [Server thread/INFO]: [Crystal Quangviet2010: Gave 1 [Bucket] to Crystal Quangviet2010]
[03:47:45] [Server thread/INFO]: Quangviet2010 issued server command: /give Quangviet2010 bucket 3
[03:47:45] [Server thread/INFO]: [Crystal Quangviet2010: Gave 3 [Bucket] to Crystal Quangviet2010]
[03:48:09] [Server thread/INFO]: The death_locations.yml file has been saved
[03:48:09] [Server thread/INFO]: Crystal Quangviet2010 was slain by Enderman
[03:48:12] [Async Chat Thread - #12/INFO]: [Not Secure] [TuBan] <hi> :)
[03:48:13] [Server thread/INFO]: Quangviet2010 issued server command: /back
[03:48:32] [Async Chat Thread - #12/INFO]: [Not Secure] [TuBan] <hi> di di :>
[03:48:35] [Server thread/INFO]: KariaMC issued server command: /home
[03:48:54] [Server thread/INFO]: hi issued server command: /sit
[03:48:56] [Server thread/INFO]: Minhgamingz issued server command: /home
[03:48:57] [Server thread/INFO]: TuBan Minhgamingz fell from a high place
[03:48:58] [Async Chat Thread - #12/INFO]: [Not Secure] [TuBan] <hi> tutu
[03:49:04] [Server thread/INFO]: hi issued server command: /sit
[03:49:05] [Server thread/INFO]: KariaMC issued server command: /team chat viet kia
[03:49:05] [Craft Scheduler Thread - 9 - BetterTeams/INFO]: [BetterTeams]§b[Team]§f KariaMC§f: viet kia 
[03:49:13] [Async Chat Thread - #12/INFO]: [Not Secure] [TuBan] <hi> :))
[03:49:17] [Async Chat Thread - #12/INFO]: [Not Secure] [TuBan] <hi> sit lay dc n
[03:49:21] [Async Chat Thread - #12/INFO]: [Not Secure] [TuBan] <hi> ne*
[03:49:21] [Server thread/INFO]: TuBan KariaMC was slain by Phantom
[03:49:26] [Server thread/INFO]: KariaMC issued server command: /back
[03:49:31] [Thread-9/INFO]: [gg.playit.control.ChannelSetup] send keep alive
[03:49:46] [Server thread/INFO]: hi issued server command: /home
[03:49:53] [Async Chat Thread - #12/INFO]: [Not Secure] [TuBan] <hi> bay giap r ;))
[03:50:05] [Async Chat Thread - #12/INFO]: [Not Secure] [Crystal] <Quangviet2010> t thấy con ngọc nha :)
[03:50:09] [Async Chat Thread - #12/INFO]: [Not Secure] [Crystal] <Quangviet2010> m làm j ở đây
[03:50:14] [Server thread/INFO]: hi issued server command: /tpa KariaMC
[03:50:15] [Server thread/INFO]: Minhgamingz issued server command: /tpa KariaMC
[03:50:20] [Async Chat Thread - #12/INFO]: [Not Secure] [TuBan] <KariaMC> t đi dạo:)
[03:50:24] [Async Chat Thread - #12/INFO]: [Not Secure] [TuBan] <hi> om no
[03:50:29] [Async Chat Thread - #12/INFO]: [Not Secure] [TuBan] <hi> tpa ngoc oi
[03:50:32] [Async Chat Thread - #12/INFO]: [Not Secure] [Crystal] <Quangviet2010> làm j đây
[03:50:36] [Server thread/INFO]: Minhgamingz issued server command: /tpa hi
[03:50:41] [Async Chat Thread - #12/INFO]: [Not Secure] [TuBan] <KariaMC> giet phantom
[03:50:46] [Async Chat Thread - #12/INFO]: [Not Secure] [TuBan] <hi> ngoc tpa pls
[03:50:52] [Server thread/INFO]: hi issued server command: /tpa KariaMC
[03:51:04] [Server thread/INFO]: hi issued server command: /tpaccept KariaMC
[03:51:07] [Server thread/INFO]: hi issued server command: /tpa KariaMC
[03:51:13] [Async Chat Thread - #12/INFO]: [Not Secure] [TuBan] <hi> jv
[03:51:18] [Server thread/INFO]: hi issued server command: /tpa KariaMC
[03:51:19] [Server thread/INFO]: The death_locations.yml file has been saved
[03:51:19] [Server thread/INFO]: Crystal Quangviet2010 experienced kinetic energy
[03:51:21] [Server thread/INFO]: KariaMC issued server command: /accept
[03:51:23] [Server thread/INFO]: Quangviet2010 issued server command: /back
[03:51:30] [Async Chat Thread - #13/INFO]: [Not Secure] [TuBan] <KariaMC> bay hăng quá mà;)
[03:51:35] [Async Chat Thread - #13/INFO]: [Not Secure] [TuBan] <hi> ui chet :)
[03:51:38] [Server thread/INFO]: Duy022802 issued server command: /home
[03:51:46] [Server thread/INFO]: Minhgamingz issued server command: /home
[03:51:47] [Async Chat Thread - #13/INFO]: [Not Secure] [TuBan] <hi> anyway
[03:51:54] [Async Chat Thread - #13/INFO]: [Not Secure] [TuBan] <hi> o day lam j v vit?
[03:52:00] [Async Chat Thread - #13/INFO]: [Not Secure] [TuBan] <KariaMC> :))
[03:52:07] [Async Chat Thread - #13/INFO]: [Not Secure] [Crystal] <Quangviet2010> t ms phải hỏi ngược lại
[03:52:07] [Async Chat Thread - #13/INFO]: [Not Secure] [TuBan] <hi> thay k on r do :)
[03:52:12] [Async Chat Thread - #13/INFO]: [Not Secure] [Crystal] <Quangviet2010> tụi bây làm j ở đây
[03:52:15] [Server thread/INFO]: Minhgamingz issued server command: /tpa hi
[03:52:16] [Server thread/INFO]: hi issued server command: /tpaccept
[03:52:26] [Async Chat Thread - #13/INFO]: [Not Secure] [TuBan] <KariaMC> nói rồi đi dạo thôi
[03:52:27] [Async Chat Thread - #13/INFO]: [Not Secure] [TuBan] <hi> :)
[03:52:32] [Async Chat Thread - #13/INFO]: [Not Secure] [TuBan] <hi> j v min
[03:52:34] [Async Chat Thread - #13/INFO]: [Not Secure] [TuBan] <hi> :))
[03:52:44] [Async Chat Thread - #13/INFO]: [Not Secure] [TuBan] <hi> hetcuu
[03:52:45] [Server thread/INFO]: The death_locations.yml file has been saved
[03:52:45] [Server thread/INFO]: Crystal Quangviet2010 was slain by TuBan Minhgamingz
[03:52:48] [Async Chat Thread - #13/INFO]: [Not Secure] [TuBan] <Minhgamingz> :)
[03:52:49] [Server thread/INFO]: Duy022802 issued server command: /team home
[03:52:49] [Async Chat Thread - #13/INFO]: [Not Secure] [TuBan] <hi> adu
[03:52:51] [Async Chat Thread - #13/INFO]: [Not Secure] [TuBan] <KariaMC> :)
[03:52:53] [Async Chat Thread - #13/INFO]: [Not Secure] [TuBan] <hi> ghe
[03:53:25] [Async Chat Thread - #13/INFO]: [Not Secure] [TuBan] <hi> kk
[03:53:31] [Thread-9/INFO]: [gg.playit.control.ChannelSetup] send keep alive
[03:53:34] [Async Chat Thread - #13/INFO]: [Not Secure] [TuBan] <hi> ay zo
[03:53:48] [Async Chat Thread - #13/INFO]: [Not Secure] [TuBan] <hi> e minh
[03:53:51] [Async Chat Thread - #13/INFO]: [Not Secure] [TuBan] <Minhgamingz> ?
[03:53:54] [Async Chat Thread - #13/INFO]: [Not Secure] [TuBan] <hi> cai nay t thay quen quan
[03:53:56] [Async Chat Thread - #13/INFO]: [Not Secure] [TuBan] <hi> quen*
[03:54:00] [Server thread/INFO]: Minhgamingz issued server command: /tpa hi
[03:54:02] [Async Chat Thread - #13/INFO]: [Not Secure] [TuBan] <hi> k
[03:54:08] [Async Chat Thread - #13/INFO]: [Not Secure] [TuBan] <hi> y la cai /sit a
[03:54:12] [Server thread/INFO]: Minhgamingz issued server command: /sit
[03:54:14] [Async Chat Thread - #13/INFO]: [Not Secure] [TuBan] <Minhgamingz> ;v
[03:54:21] [Server thread/INFO]: [Crystal Quangviet2010: Gave 64 [Firework Rocket] to 5]
[03:54:30] [Async Chat Thread - #13/INFO]: [Not Secure] [TuBan] <hi> sit + sit= com dog
[03:54:30] [Server thread/INFO]: Quangviet2010 issued server command: /gamemode creative
[03:54:30] [Server thread/INFO]: [Crystal Quangviet2010: Set own game mode to Creative Mode]
[03:54:34] [Async Chat Thread - #13/INFO]: [Not Secure] [TuBan] <Minhgamingz> xin nha viet
[03:54:35] [Server thread/INFO]: [Crystal Quangviet2010: Removed 347 item(s) from 5 players]
[03:54:37] [Async Chat Thread - #13/INFO]: [Not Secure] [TuBan] <KariaMC> :))
[03:54:44] [Async Chat Thread - #13/INFO]: [Not Secure] [Crystal] <Quangviet2010> ko
[03:54:53] [Async Chat Thread - #13/INFO]: [Not Secure] [TuBan] <Minhgamingz> buff bẩn pháo hoa còn để chết ;v ăn hại
[03:54:57] [Async Chat Thread - #13/INFO]: [Not Secure] [Crystal] <Quangviet2010> lỡ clear hết r :)
[03:55:05] [Async Chat Thread - #13/INFO]: [Not Secure] [TuBan] <hi> an hai?
[03:55:09] [Async Chat Thread - #13/INFO]: [Not Secure] [TuBan] <hi> :v
[03:55:17] [Async Chat Thread - #13/INFO]: [Not Secure] [Crystal] <Quangviet2010> ko thấy lâu lâu cho tí firework hả :)
[03:55:20] [Async Chat Thread - #13/INFO]: [Not Secure] [Crystal] <Quangviet2010> event
[03:55:32] [Async Chat Thread - #13/INFO]: [Not Secure] [TuBan] <Minhgamingz> buff lên 60 xong bay tự chết :v
[03:55:33] [Async Chat Thread - #12/INFO]: [Not Secure] [TuBan] <hi> le pa
[03:55:39] [Async Chat Thread - #12/INFO]: [Not Secure] [Crystal] <Quangviet2010> j z ba
[03:55:51] [Server thread/INFO]: [Crystal Quangviet2010: Set own game mode to Survival Mode]
[03:55:56] [Async Chat Thread - #12/INFO]: [Not Secure] [TuBan] <hi> e min
[03:55:58] [Async Chat Thread - #12/INFO]: [Not Secure] [TuBan] <Minhgamingz> ?
[03:56:01] [Async Chat Thread - #12/INFO]: [Not Secure] [TuBan] <hi> s m k keu em m chs di
[03:56:08] [Async Chat Thread - #12/INFO]: [Not Secure] [TuBan] <Minhgamingz> em nào ;v
[03:56:12] [Async Chat Thread - #12/INFO]: [Not Secure] [TuBan] <hi> thk lo cong a
[03:56:15] [Server thread/INFO]: Quangviet2010 issued server command: /gamemode creative
[03:56:15] [Server thread/INFO]: [Crystal Quangviet2010: Set own game mode to Creative Mode]
[03:56:21] [Async Chat Thread - #12/INFO]: [Not Secure] [TuBan] <Minhgamingz> cái thk nghiện ff đấy á hả ;v
[03:56:28] [Async Chat Thread - #13/INFO]: [Not Secure] [TuBan] <hi> o` :)
[03:56:30] [Async Chat Thread - #13/INFO]: [Not Secure] [TuBan] <hi> kk
[03:56:32] [Async Chat Thread - #13/INFO]: [Not Secure] [TuBan] <Minhgamingz> chịu ;v
[03:56:43] [Async Chat Thread - #13/INFO]: [Not Secure] [TuBan] <hi> t nho no nghien nap ma nhi?
[03:56:56] [Async Chat Thread - #13/INFO]: [Not Secure] [TuBan] <Minhgamingz> ò gamej nó chả nạp 1 đống
[03:56:57] [Server thread/INFO]: Quangviet2010 issued server command: /give Duy022802 minecraft:firework_rocket 24
[03:56:57] [Server thread/INFO]: [Crystal Quangviet2010: Gave 24 [Firework Rocket] to Crystal Duy022802]
[03:57:04] [Async Chat Thread - #13/INFO]: [Not Secure] [TuBan] <hi> phi tien
[03:57:31] [Thread-9/INFO]: [gg.playit.control.ChannelSetup] send keep alive
[03:57:38] [Async Chat Thread - #13/INFO]: [Not Secure] [TuBan] <KariaMC> quên minh nó có cánh:)
[03:57:41] [Async Chat Thread - #13/INFO]: [Not Secure] [TuBan] <hi> cs thuyen k pa
[03:57:44] [Async Chat Thread - #13/INFO]: [Not Secure] [TuBan] <hi> :>
[03:57:45] [Server thread/INFO]: [Crystal Quangviet2010: Gave 1 [Bow] to Crystal Quangviet2010]
[03:57:56] [Server thread/INFO]: [Crystal Quangviet2010: Gave 1 [Bow] to Crystal Quangviet2010]
[03:58:07] [Server thread/INFO]: [Crystal Quangviet2010: Set own game mode to Survival Mode]
[03:58:10] [Server thread/INFO]: Quangviet2010 issued server command: /back
[03:58:10] [Async Chat Thread - #13/INFO]: [Not Secure] [TuBan] <hi> luc trc tim lac cho bang dep lam a
[03:58:19] [Async Chat Thread - #13/INFO]: [Not Secure] [TuBan] <hi> kia
[03:58:24] [Server thread/INFO]: Quangviet2010 issued server command: /give Quangviet2010 minecraft:firework_rocket 64
[03:58:24] [Server thread/INFO]: [Crystal Quangviet2010: Gave 64 [Firework Rocket] to Crystal Quangviet2010]
[03:58:33] [Async Chat Thread - #13/INFO]: [Not Secure] [TuBan] <KariaMC> ohh
[03:59:00] [Server thread/INFO]: Duy022802 issued server command: /home
[03:59:17] [Async Chat Thread - #12/INFO]: [Not Secure] [TuBan] <KariaMC> cmm viet beo
[03:59:19] [Async Chat Thread - #12/INFO]: [Not Secure] [TuBan] <hi> vit bi j v?
[03:59:23] [Async Chat Thread - #12/INFO]: [Not Secure] [TuBan] <hi> vit gay
[03:59:35] [Server thread/INFO]: Duy022802 issued server command: /team home
[03:59:38] [Server thread/INFO]: TuBan hi was slain by Crystal Quangviet2010
[03:59:44] [Async Chat Thread - #13/INFO]: [Not Secure] [TuBan] <hi> vit gay :)
[03:59:45] [Server thread/WARN]: Oak Boat (vehicle of Minhgamingz) moved too quickly! 20.12207052439362,-0.46483522308928826,-4.4837315514014335
[03:59:45] [Server thread/WARN]: Oak Boat (vehicle of Minhgamingz) moved too quickly! 20.85459346108246,-0.4673755079930544,-4.596939696049958
[03:59:45] [Server thread/WARN]: Oak Boat (vehicle of Minhgamingz) moved too quickly! 21.533060660282445,-0.4700487363624575,-4.733919638125371
[03:59:46] [Server thread/INFO]: hi issued server command: /back
[03:59:47] [Server thread/INFO]: TuBan KariaMC was slain by Crystal Quangviet2010
[03:59:54] [Async Chat Thread - #13/INFO]: [Not Secure] [TuBan] <KariaMC> hết việc làm à?
[03:59:56] [Server thread/INFO]: KariaMC issued server command: /back
[04:00:06] [Async Chat Thread - #13/INFO]: [Not Secure] [Crystal] <Quangviet2010> nãy bọn bây bắn t đó
[04:00:14] [Server thread/INFO]: TuBan hi was slain by Crystal Quangviet2010
[04:00:18] [Async Chat Thread - #13/INFO]: [Not Secure] [TuBan] <hi> ey hoi bay nha
[04:00:20] [Async Chat Thread - #13/INFO]: [Not Secure] [TuBan] <Minhgamingz> mỗi t bắn mà ;v
[04:00:22] [Server thread/INFO]: hi issued server command: /back
[04:00:25] [Async Chat Thread - #13/INFO]: [Not Secure] [Crystal] <Quangviet2010> t tìm m
[04:00:27] [Async Chat Thread - #12/INFO]: [Not Secure] [TuBan] <KariaMC> tao bắn con phantom
[04:01:05] [Async Chat Thread - #12/INFO]: [Not Secure] [TuBan] <hi> chs tro nay vui lam ne ngoc
[04:01:11] [Async Chat Thread - #12/INFO]: [Not Secure] [TuBan] <hi> tpa tui
[04:01:17] [Server thread/INFO]: KariaMC issued server command: /tpa Hi
[04:01:21] [Server thread/INFO]: hi issued server command: /tpaccept
[04:01:32] [Thread-9/INFO]: [gg.playit.control.ChannelSetup] send keep alive
[04:01:36] [Server thread/INFO]: TuBan Minhgamingz was slain by Crystal Quangviet2010
[04:01:36] [Async Chat Thread - #12/INFO]: [Not Secure] [TuBan] <hi> len ne
[04:01:39] [Server thread/INFO]: Minhgamingz issued server command: /back
[04:01:55] [Async Chat Thread - #12/INFO]: [Not Secure] [TuBan] <hi> ttuu
[04:02:10] [Async Chat Thread - #12/INFO]: [Not Secure] [TuBan] <KariaMC> lm gì quay vòng vòng dị:)
[04:02:13] [Async Chat Thread - #12/INFO]: [Not Secure] [TuBan] <hi> kk
[04:02:34] [Async Chat Thread - #12/INFO]: [Not Secure] [TuBan] <hi> het thuyen r
[04:02:43] [Async Chat Thread - #12/INFO]: [Not Secure] [TuBan] <KariaMC> tui giữ thuyền nè
[04:03:03] [Async Chat Thread - #12/INFO]: [Not Secure] [TuBan] <KariaMC> tuyết rơi nè, chill phết
[04:03:29] [Server thread/WARN]: Spruce Boat (vehicle of KariaMC) moved wrongly! 1.9092381986995988
[04:03:29] [Async Chat Thread - #12/INFO]: [Not Secure] [TuBan] <KariaMC> thời tiết trong minecraft lạ, chỗ mưa chố tuyết:)
[04:03:35] [Async Chat Thread - #12/INFO]: [Not Secure] [TuBan] <hi> :>
[04:03:41] [Async Chat Thread - #12/INFO]: [Not Secure] [TuBan] <hi> ve lam hang ms ik pa
[04:03:55] [Server thread/INFO]: Duy022802 issued server command: /team home
[04:04:11] [Async Chat Thread - #12/INFO]: [Not Secure] [TuBan] <hi> fan meo simmy k
[04:04:24] [Async Chat Thread - #12/INFO]: [Not Secure] [TuBan] <hi> pa hay qua
[04:04:49] [Server thread/INFO]: TuBan KariaMC was slain by Crystal Quangviet2010
[04:04:57] [Async Chat Thread - #13/INFO]: [Not Secure] [TuBan] <KariaMC> mày thích kiếm chuyển ko việt
[04:04:59] [Async Chat Thread - #13/INFO]: [Not Secure] [TuBan] <KariaMC> phắn hộ
[04:05:01] [Server thread/INFO]: KariaMC issued server command: /back
[04:05:09] [Async Chat Thread - #13/INFO]: [Not Secure] [TuBan] <hi> :)
[04:05:16] [Async Chat Thread - #13/INFO]: [Not Secure] [TuBan] <hi> smp drama
[04:05:32] [Thread-9/INFO]: [gg.playit.control.ChannelSetup] send keep alive
[04:05:37] [Server thread/INFO]: TuBan Minhgamingz was slain by Crystal Quangviet2010
[04:05:43] [Server thread/INFO]: Minhgamingz issued server command: /back
[04:05:49] [Server thread/INFO]: TuBan hi was slain by Crystal Quangviet2010
[04:06:05] [Server thread/INFO]: hi issued server command: /back
[04:06:06] [Async Chat Thread - #13/INFO]: [Not Secure] [TuBan] <hi> :))
[04:06:08] [Server thread/INFO]: TuBan KariaMC was slain by Crystal Quangviet2010
[04:06:13] [Server thread/INFO]: KariaMC issued server command: /back
[04:06:23] [Server thread/WARN]: Duy022802 moved wrongly!, (-0.8056099228944902)
[04:06:41] [Server thread/INFO]: TuBan KariaMC was burned to a crisp while fighting Crystal Quangviet2010
[04:06:52] [Server thread/INFO]: KariaMC issued server command: /back
[04:07:07] [Server thread/INFO]: TuBan Minhgamingz drowned
[04:07:11] [Async Chat Thread - #14/INFO]: [Not Secure] [TuBan] <hi> :)
[04:07:58] [Async Chat Thread - #14/INFO]: [Not Secure] [Crystal] <Quangviet2010> 3v1 mà yếu thế
[04:08:06] [Async Chat Thread - #14/INFO]: [Not Secure] [TuBan] <hi> bn nhin giap bn
[04:08:09] [Async Chat Thread - #14/INFO]: [Not Secure] [TuBan] <hi> cs kiem bn coi
[04:08:20] [Async Chat Thread - #14/INFO]: [Not Secure] [TuBan] <hi> chan buff ban noi yeu
[04:08:21] [Async Chat Thread - #14/INFO]: [Not Secure] [Crystal] <Quangviet2010> thế 3 cái giáp kc ko đánh lại giáp netherit hả
[04:08:28] [Async Chat Thread - #14/INFO]: [Not Secure] [TuBan] <hi> cai kiem?
[04:08:35] [Async Chat Thread - #14/INFO]: [Not Secure] [TuBan] <KariaMC> nhà hết việc cho m lm à
[04:08:37] [Async Chat Thread - #14/INFO]: [Not Secure] [TuBan] <hi> kiem ban
[04:08:43] [Async Chat Thread - #14/INFO]: [Not Secure] [TuBan] <KariaMC> sao hay đi kiếm chuyện vậy/
[04:08:45] [Async Chat Thread - #14/INFO]: [Not Secure] [Crystal] <Quangviet2010> mà t solo vs thg kia
[04:08:49] [Async Chat Thread - #14/INFO]: [Not Secure] [Crystal] <Duy022802> u dang ranh
[04:08:51] [Async Chat Thread - #14/INFO]: [Not Secure] [Crystal] <Quangviet2010> tụi bây qua hết lmj
[04:08:59] [Async Chat Thread - #14/INFO]: [Not Secure] [TuBan] <KariaMC> nó đồng đội tao
[04:08:59] [Async Chat Thread - #14/INFO]: [Not Secure] [TuBan] <hi> nay k lam j di danh?
[04:09:05] [Async Chat Thread - #14/INFO]: [Not Secure] [TuBan] <hi> cs bi ngao k>?
[04:09:12] [Async Chat Thread - #14/INFO]: [Not Secure] [Crystal] <Quangviet2010> pvp mà chs v là hèn r
[04:09:25] [Async Chat Thread - #14/INFO]: [Not Secure] [TuBan] <hi> bn buff ban
[04:09:32] [Thread-9/INFO]: [gg.playit.control.ChannelSetup] send keep alive
[04:09:33] [Async Chat Thread - #14/INFO]: [Not Secure] [Crystal] <Quangviet2010> chs ko lại bảo buff bản :)
[04:09:35] [Server thread/WARN]: Duy022802 moved wrongly!, (-0.27906939350498305)
[04:09:36] [Async Chat Thread - #14/INFO]: [Not Secure] [TuBan] <KariaMC> về nhà đi hi
[04:09:38] [Server thread/INFO]: KariaMC issued server command: /home
[04:09:41] [Server thread/INFO]: hi issued server command: /home
[04:09:45] [Async Chat Thread - #14/INFO]: [Not Secure] [TuBan] <KariaMC> cãi với nó lm gì
[04:09:46] [Async Chat Thread - #14/INFO]: [Not Secure] [TuBan] <hi> buff ban htat ma
[04:09:48] [Server thread/INFO]: Minhgamingz issued server command: /home
[04:09:59] [Async Chat Thread - #14/INFO]: [Not Secure] [Crystal] <Quangviet2010> buff cái j nhờ
[04:10:10] [Async Chat Thread - #14/INFO]: [Not Secure] [TuBan] <hi> team no thi = 1 nua sv
[04:10:21] [Async Chat Thread - #14/INFO]: [Not Secure] [TuBan] <KariaMC> kệ đi
[04:10:23] [Async Chat Thread - #14/INFO]: [Not Secure] [TuBan] <hi> smp nay k danh nhau dc r hazz
[04:10:25] [Async Chat Thread - #14/INFO]: [Not Secure] [Crystal] <Quangviet2010> nhưn
[04:10:29] [Async Chat Thread - #14/INFO]: [Not Secure] [TuBan] <KariaMC> cãi lm gì
[04:10:37] [Async Chat Thread - #14/INFO]: [Not Secure] [Crystal] <Duy022802> co mot minh no solo thoi
[04:10:52] [Async Chat Thread - #14/INFO]: [Not Secure] [TuBan] <KariaMC> cãi chi có tốn hơi tốn sức
[04:10:57] [Async Chat Thread - #14/INFO]: [Not Secure] [TuBan] <hi> o`
[04:11:12] [Async Chat Thread - #14/INFO]: [Not Secure] [TuBan] <hi> het ruong de bloack roi :)
[04:11:17] [Async Chat Thread - #14/INFO]: [Not Secure] [TuBan] <hi> block*
[04:11:18] [Server thread/INFO]: Duy022802 issued server command: /home
[04:11:23] [Server thread/INFO]: Quangviet2010 issued server command: /team setwarp bang
[04:11:37] [Server thread/INFO]: Quangviet2010 issued server command: /team warp
[04:11:39] [Server thread/INFO]: Quangviet2010 issued server command: /team warp bang
[04:11:40] [Async Chat Thread - #14/INFO]: [Not Secure] [TuBan] <KariaMC> rương trống nè
[04:11:44] [Server thread/INFO]: Quangviet2010 issued server command: /team home
[04:11:53] [Server thread/INFO]: Quangviet2010 issued server command: /gamemode creative
[04:11:53] [Server thread/INFO]: [Crystal Quangviet2010: Set own game mode to Creative Mode]
[04:12:18] [Async Chat Thread - #14/INFO]: [Not Secure] [TuBan] <hi> y chet
[04:12:23] [Async Chat Thread - #14/INFO]: [Not Secure] [TuBan] <KariaMC> ?
[04:12:31] [Async Chat Thread - #14/INFO]: [Not Secure] [TuBan] <hi> hieu tai s hoi nay pvp ngu r
[04:12:38] [Async Chat Thread - #14/INFO]: [Not Secure] [TuBan] <hi> bat tu dong nhay :))
[04:12:43] [Async Chat Thread - #14/INFO]: [Not Secure] [TuBan] <KariaMC> :))
[04:12:53] [Async Chat Thread - #14/INFO]: [Not Secure] [TuBan] <hi> bao s cu pvp ngu ss a
[04:13:11] [Async Chat Thread - #14/INFO]: [Not Secure] [TuBan] <hi> e ngoc
[04:13:26] [Async Chat Thread - #14/INFO]: [Not Secure] [TuBan] <hi> pa neu mun pvp thi pa cu spam click nha :))
[04:13:32] [Thread-9/INFO]: [gg.playit.control.ChannelSetup] send keep alive
[04:14:32] [Async Chat Thread - #16/INFO]: [Not Secure] [TuBan] <KariaMC> lm j đó Hi
[04:14:38] [Async Chat Thread - #16/INFO]: [Not Secure] [TuBan] <hi> dao them ham y ma
[04:14:42] [Async Chat Thread - #16/INFO]: [Not Secure] [TuBan] <KariaMC> oh
[04:15:33] [Server thread/INFO]: Duy022802 issued server command: /team home
[04:15:44] [Server thread/INFO]: [Crystal Quangviet2010: Set own game mode to Survival Mode]
[04:16:21] [Server thread/INFO]: Duy022802 issued server command: /home\
[04:16:23] [Server thread/INFO]: Duy022802 issued server command: /home
[04:16:27] [Server thread/INFO]: Quangviet2010 issued server command: /gamemode creative
[04:16:27] [Server thread/INFO]: [Crystal Quangviet2010: Set own game mode to Creative Mode]
[04:16:30] [Server thread/INFO]: [Crystal Quangviet2010: Set own game mode to Survival Mode]
[04:16:50] [Server thread/INFO]: Quangviet2010 issued server command: /team warp trusochinh
[04:16:51] [Async Chat Thread - #18/INFO]: [Not Secure] [TuBan] <hi> :vv
[04:16:58] [Async Chat Thread - #18/INFO]: [Not Secure] [TuBan] <hi> toan may cai ham
[04:17:01] [Async Chat Thread - #18/INFO]: [Not Secure] [TuBan] <hi> k dao to dc
[04:17:22] [Async Chat Thread - #18/INFO]: [Not Secure] [TuBan] <KariaMC> xin đuốc hi ơi
[04:17:33] [Thread-9/INFO]: [gg.playit.control.ChannelSetup] send keep alive
[04:17:35] [Async Chat Thread - #18/INFO]: [Not Secure] [TuBan] <hi> ne
[04:17:52] [Server thread/INFO]: Quangviet2010 issued server command: /team home
[04:18:13] [Server thread/INFO]: Minhgamingz issued server command: /home
[04:18:36] [Async Chat Thread - #20/INFO]: [Not Secure] [TuBan] <hi> ay za
[04:19:12] [Server thread/INFO]: Duy022802 issued server command: /team home
[04:19:16] [Async Chat Thread - #20/INFO]: [Not Secure] [TuBan] <hi> :>
[04:19:44] [Server thread/WARN]: Minhgamingz moved too quickly! -8.047893361676188,-10.18525919720257,24.000173600474227
[04:19:46] [Server thread/INFO]: KariaMC issued server command: /team chat tui nghe tiếng cánh, của Minh à?
[04:19:46] [Craft Scheduler Thread - 15 - BetterTeams/INFO]: [BetterTeams]§b[Team]§f KariaMC§f: tui nghe tiếng cánh, của Minh à? 
[04:19:55] [Server thread/INFO]: Minhgamingz issued server command: /team chat
[04:19:56] [Async Chat Thread - #20/INFO]: [BetterTeams]§b[Team]§f Minhgamingz§f: ò
[04:20:01] [Async Chat Thread - #20/INFO]: [Not Secure] [TuBan] <hi> :v
[04:20:05] [Craft Scheduler Thread - 14 - BetterTeams/INFO]: [BetterTeams]§b[Team]§f KariaMC§f: làm giật mình:) 
[04:20:55] [Server thread/INFO]: hi issued server command: /home
